Drill Listing
=============
Drill: .01181  Tool: 1  Feed: 95  Speed: 300
X 129527  Y -309448
X 196456  Y -309448
X 263385  Y -309448
X 330314  Y -309448
X 397244  Y -309448
X 464173  Y -309448
X 531102  Y -309448
X 598031  Y -309448
X 605905  Y -270078
X 598031  Y -281889
X 592125  Y -271062
X 538976  Y -270078
X 531102  Y -281889
X 525196  Y -271062
X 472047  Y -270078
X 464173  Y -281889
X 458267  Y -271062
X 405118  Y -270078
X 397244  Y -281889
X 391338  Y -271062
X 338188  Y -270078
X 330314  Y -281889
X 324409  Y -271062
X 271259  Y -270078
X 263385  Y -281889
X 257480  Y -271062
X 204330  Y -270078
X 196456  Y -281889
X 190551  Y -271062
X 137401  Y -270078
X 129527  Y -281889
X 123622  Y -271062
X 123622  Y -249409
X 137401  Y -258267
X 152023  Y -250551
X 161023  Y -250551
X 170023  Y -250551
X 190551  Y -249409
X 204330  Y -258267
X 218952  Y -250551
X 227952  Y -250551
X 236952  Y -250551
X 257480  Y -249409
X 271259  Y -258267
X 285881  Y -250551
X 294881  Y -250551
X 303881  Y -250551
X 324409  Y -249409
X 338188  Y -258267
X 352811  Y -250551
X 361811  Y -250551
X 370811  Y -250551
X 391338  Y -249409
X 405118  Y -258267
X 419740  Y -250551
X 428740  Y -250551
X 437740  Y -250551
X 458267  Y -249409
X 472047  Y -258267
X 486669  Y -250551
X 495669  Y -250551
X 504669  Y -250551
X 525196  Y -249409
X 538976  Y -258267
X 553598  Y -250551
X 562598  Y -250551
X 571598  Y -250551
X 592125  Y -249409
X 605905  Y -258267
X 620527  Y -250551
X 629527  Y -250551
X 638527  Y -250551
X 629527  Y -225801
X 601968  Y -236614
X 590157  Y -236614
X 562598  Y -225801
X 535039  Y -236614
X 523228  Y -236614
X 495669  Y -225801
X 468110  Y -236614
X 456299  Y -236614
X 428740  Y -225801
X 401181  Y -236614
X 389370  Y -236614
X 361811  Y -225801
X 334251  Y -236614
X 322440  Y -236614
X 294881  Y -225801
X 267322  Y -236614
X 255511  Y -236614
X 227952  Y -225801
X 200393  Y -236614
X 188582  Y -236614
X 161023  Y -225801
X 133464  Y -236614
X 121653  Y -236614
X 145275  Y -207086
X 145275  Y -195275
X 153149  Y -207086
X 153149  Y -195275
X 165397  Y -206681
X 168897  Y -195275
X 172397  Y -206681
X 212204  Y -207086
X 212204  Y -195275
X 220078  Y -207086
X 220078  Y -195275
X 232326  Y -206681
X 235826  Y -195275
X 239326  Y -206681
X 279133  Y -207086
X 279133  Y -195275
X 287007  Y -207086
X 287007  Y -195275
X 299255  Y -206681
X 302755  Y -195275
X 306255  Y -206681
X 346062  Y -207086
X 346062  Y -195275
X 353937  Y -207086
X 353937  Y -195275
X 366185  Y -206681
X 369685  Y -195275
X 373185  Y -206681
X 412992  Y -207086
X 412992  Y -195275
X 420866  Y -207086
X 420866  Y -195275
X 433114  Y -206681
X 436614  Y -195275
X 440114  Y -206681
X 479921  Y -207086
X 479921  Y -195275
X 487795  Y -207086
X 487795  Y -195275
X 500043  Y -206681
X 503543  Y -195275
X 507043  Y -206681
X 546850  Y -207086
X 546850  Y -195275
X 554724  Y -207086
X 554724  Y -195275
X 566972  Y -206681
X 570472  Y -195275
X 573972  Y -206681
X 613779  Y -207086
X 613779  Y -195275
X 621653  Y -195275
X 621653  Y -207086
X 633901  Y -206681
X 637401  Y -195275
X 640901  Y -206681
X 598031  Y -144094
X 531102  Y -144094
X 464173  Y -144094
X 397244  Y -144094
X 330314  Y -144094
X 263385  Y -144094
X 196456  Y -144094
X 129527  Y -144094
X 123622  Y -106692
X 129527  Y -116535
X 137401  Y -104724
X 190551  Y -105708
X 196456  Y -116535
X 204330  Y -104724
X 257480  Y -105708
X 263385  Y -116535
X 271259  Y -104724
X 324409  Y -105708
X 330314  Y -116535
X 338188  Y -104724
X 391338  Y -105708
X 397244  Y -116535
X 405118  Y -104724
X 458267  Y -105708
X 464173  Y -116535
X 472047  Y -104724
X 525196  Y -105708
X 531102  Y -116535
X 538976  Y -104724
X 592125  Y -105708
X 598031  Y -116535
X 605905  Y -104724
X 638527  Y -85196
X 629527  Y -85196
X 620527  Y -85196
X 605905  Y -92913
X 601968  Y -71259
X 592125  Y -84055
X 590157  Y -71259
X 571598  Y -85196
X 562598  Y -85196
X 553598  Y -85196
X 538976  Y -92913
X 535039  Y -71259
X 525196  Y -84055
X 523228  Y -71259
X 504669  Y -85196
X 495669  Y -85196
X 486669  Y -85196
X 472047  Y -92913
X 468110  Y -71259
X 458267  Y -84055
X 456299  Y -71259
X 437740  Y -85196
X 428740  Y -85196
X 419740  Y -85196
X 405118  Y -92913
X 401181  Y -71259
X 391338  Y -84055
X 389370  Y -71259
X 370811  Y -85196
X 361811  Y -85196
X 352811  Y -85196
X 338188  Y -92913
X 334251  Y -71259
X 324409  Y -84055
X 322440  Y -71259
X 303881  Y -85196
X 294881  Y -85196
X 285881  Y -85196
X 271259  Y -92913
X 267322  Y -71259
X 257480  Y -84055
X 255511  Y -71259
X 236952  Y -85196
X 227952  Y -85196
X 218952  Y -85196
X 204330  Y -92913
X 200393  Y -71259
X 190551  Y -84055
X 188582  Y -71259
X 170023  Y -85196
X 161023  Y -85196
X 152023  Y -85196
X 137401  Y -92913
X 133464  Y -71259
X 123622  Y -85039
X 121653  Y -71259
X 145275  Y -41732
X 145275  Y -29921
X 153149  Y -41732
X 153149  Y -29921
X 161023  Y -60446
X 165397  Y -41326
X 168897  Y -29921
X 172397  Y -41326
X 212204  Y -41732
X 212204  Y -29921
X 220078  Y -29921
X 220078  Y -41732
X 227952  Y -60446
X 232326  Y -41326
X 235826  Y -29921
X 239326  Y -41326
X 279133  Y -41732
X 279133  Y -29921
X 287007  Y -41732
X 287007  Y -29921
X 294881  Y -60446
X 299255  Y -41326
X 302755  Y -29921
X 306255  Y -41326
X 346062  Y -29921
X 346062  Y -41732
X 353937  Y -41732
X 353937  Y -29921
X 361811  Y -60446
X 366185  Y -41326
X 369685  Y -29921
X 373185  Y -41326
X 412992  Y -29921
X 412992  Y -41732
X 420866  Y -41732
X 420866  Y -29921
X 428740  Y -60446
X 433114  Y -41326
X 436614  Y -29921
X 440114  Y -41326
X 479921  Y -41732
X 479921  Y -29921
X 487795  Y -41732
X 487795  Y -29921
X 495669  Y -60446
X 500043  Y -41326
X 503543  Y -29921
X 507043  Y -41326
X 546850  Y -41732
X 546850  Y -29921
X 554724  Y -41732
X 554724  Y -29921
X 562598  Y -60446
X 566972  Y -41326
X 570472  Y -29921
X 573972  Y -41326
X 613779  Y -41732
X 613779  Y -29921
X 621653  Y -41732
X 621653  Y -29921
X 629527  Y -60446
X 633901  Y -41326
X 637401  Y -29921
X 640901  Y -41326
X 444488  Y 3543
X 444488  Y -8267
X 439960  Y 11417
X 434645  Y 3543
X 434645  Y -8267
X 424803  Y -8267
X 424803  Y 3543
X 419291  Y 7480
X 373622  Y 3543
X 373622  Y -8267
X 369094  Y 11417
X 363779  Y 3543
X 363779  Y -8267
X 353937  Y -8267
X 353937  Y 3543
X 348425  Y 7480
X 302755  Y -8267
X 302755  Y 3543
X 298228  Y 11417
X 292913  Y -8267
X 292913  Y 3543
X 283070  Y 3543
X 283070  Y -8267
X 277559  Y 7480
X 202362  Y 52755
X 202362  Y 40944
X 212204  Y 40944
X 212204  Y 52755
X 227952  Y 37007
X 227952  Y 56692
X 277165  Y 54724
X 288976  Y 54724
X 293307  Y 33070
X 298818  Y 54724
X 308661  Y 54724
X 348031  Y 54724
X 360236  Y 54724
X 364173  Y 33070
X 369685  Y 54724
X 379527  Y 54724
X 418897  Y 54724
X 450393  Y 54724
X 479921  Y 56692
X 479921  Y 37007
X 495669  Y 40944
X 495669  Y 52755
X 503543  Y 40944
X 503543  Y 52755
X 450393  Y 66535
X 418897  Y 66535
X 379527  Y 66535
X 369685  Y 66535
X 360236  Y 66535
X 348031  Y 66535
X 308661  Y 66535
X 298818  Y 66535
X 288976  Y 66535
X 277165  Y 66535

Drill: .03543  Tool: 2  Feed: 197  Speed: 550
X 149212  Y -327165
X 172834  Y -331102
X 216141  Y -327165
X 239763  Y -331102
X 283070  Y -327165
X 306692  Y -331102
X 350000  Y -327165
X 373622  Y -331102
X 416929  Y -327165
X 440551  Y -331102
X 483858  Y -327165
X 507480  Y -331102
X 550787  Y -327165
X 574409  Y -331102
X 617716  Y -327165
X 641338  Y -331102
X 639370  Y -307480
X 639370  Y -275984
X 619685  Y -307480
X 619685  Y -275984
X 572440  Y -307480
X 572440  Y -275984
X 552755  Y -307480
X 552755  Y -275984
X 505511  Y -307480
X 505511  Y -275984
X 485826  Y -307480
X 485826  Y -275984
X 438582  Y -307480
X 438582  Y -275984
X 418897  Y -307480
X 418897  Y -275984
X 371653  Y -307480
X 371653  Y -275984
X 351968  Y -307480
X 351968  Y -275984
X 304724  Y -275984
X 304724  Y -307480
X 285039  Y -275984
X 285039  Y -307480
X 237795  Y -275984
X 237795  Y -307480
X 218110  Y -275984
X 218110  Y -307480
X 170866  Y -307480
X 170866  Y -275984
X 151181  Y -307480
X 151181  Y -275984
X 121653  Y -224803
X 131653  Y -224803
X 188582  Y -224803
X 198582  Y -224803
X 255511  Y -224803
X 265511  Y -224803
X 322440  Y -224803
X 332440  Y -224803
X 389370  Y -224803
X 399370  Y -224803
X 456299  Y -224803
X 466299  Y -224803
X 523228  Y -224803
X 533228  Y -224803
X 590157  Y -224803
X 600157  Y -224803
X 600157  Y -194803
X 590157  Y -194803
X 533228  Y -194803
X 523228  Y -194803
X 466299  Y -194803
X 456299  Y -194803
X 399370  Y -194803
X 389370  Y -194803
X 332440  Y -194803
X 322440  Y -194803
X 265511  Y -194803
X 255511  Y -194803
X 198582  Y -194803
X 188582  Y -194803
X 131653  Y -194803
X 121653  Y -194803
X 149212  Y -161811
X 151181  Y -142125
X 170866  Y -142125
X 172834  Y -165748
X 216141  Y -161811
X 218110  Y -142125
X 237795  Y -142125
X 239763  Y -165748
X 283070  Y -161811
X 285039  Y -142125
X 304724  Y -142125
X 306692  Y -165748
X 350000  Y -161811
X 351968  Y -142125
X 371653  Y -142125
X 373622  Y -165748
X 416929  Y -161811
X 418897  Y -142125
X 438582  Y -142125
X 440551  Y -165748
X 483858  Y -161811
X 485826  Y -142125
X 505511  Y -142125
X 507480  Y -165748
X 550787  Y -161811
X 552755  Y -142125
X 572440  Y -142125
X 574409  Y -165748
X 617716  Y -161811
X 619685  Y -142125
X 639370  Y -142125
X 641338  Y -165748
X 639370  Y -110629
X 619685  Y -110629
X 572440  Y -110629
X 552755  Y -110629
X 505511  Y -110629
X 485826  Y -110629
X 438582  Y -110629
X 418897  Y -110629
X 371653  Y -110629
X 351968  Y -110629
X 304724  Y -110629
X 285039  Y -110629
X 237795  Y -110629
X 218110  Y -110629
X 170866  Y -110629
X 151181  Y -110629
X 121653  Y -59448
X 121653  Y -29448
X 131653  Y -59448
X 131653  Y -29448
X 188582  Y -59448
X 188582  Y -29448
X 198582  Y -29448
X 198582  Y -59448
X 255511  Y -59448
X 255511  Y -29448
X 265511  Y -29448
X 265511  Y -59448
X 322440  Y -59448
X 322440  Y -29448
X 332440  Y -29448
X 332440  Y -59448
X 389370  Y -59448
X 389370  Y -29448
X 399370  Y -29448
X 399370  Y -59448
X 456299  Y -59448
X 456299  Y -29448
X 466299  Y -29448
X 466299  Y -59448
X 523228  Y -29448
X 523228  Y -59448
X 533228  Y -59448
X 533228  Y -29448
X 590157  Y -29448
X 590157  Y -59448
X 600157  Y -59448
X 600157  Y -29448

Drill: .04  Tool: 3  Feed: 139  Speed: 550
X 260708  Y -383188
X 260708  Y -393188
X 270708  Y -383188
X 270708  Y -393188
X 280708  Y -383188
X 280708  Y -393188
X 290708  Y -383188
X 290708  Y -393188
X 300708  Y -383188
X 300708  Y -393188
X 310708  Y -383188
X 310708  Y -393188
X 320708  Y -383188
X 320708  Y -393188
X 330708  Y -383188
X 330708  Y -393188
X 340708  Y -383188
X 340708  Y -393188
X 350708  Y -383188
X 350708  Y -393188
X 360708  Y -383188
X 360708  Y -393188
X 370708  Y -383188
X 370708  Y -393188
X 380708  Y -383188
X 380708  Y -393188
X 390708  Y -383188
X 390708  Y -393188
X 400708  Y -383188
X 400708  Y -393188
X 410708  Y -383188
X 410708  Y -393188
X 420708  Y -383188
X 420708  Y -393188
X 430708  Y -383188
X 430708  Y -393188
X 440708  Y -383188
X 440708  Y -393188
X 450708  Y -383188
X 450708  Y -393188
X 460708  Y -383188
X 460708  Y -393188
X 470708  Y -383188
X 470708  Y -393188
X 480708  Y -383188
X 480708  Y -393188
X 490708  Y -383188
X 490708  Y -393188
X 500708  Y -383188
X 500708  Y -393188
X 500708  Y 93188
X 500708  Y 83188
X 490708  Y 93188
X 490708  Y 83188
X 480708  Y 93188
X 480708  Y 83188
X 470708  Y 93188
X 470708  Y 83188
X 460708  Y 93188
X 460708  Y 83188
X 450708  Y 93188
X 450708  Y 83188
X 440708  Y 93188
X 440708  Y 83188
X 430708  Y 93188
X 430708  Y 83188
X 420708  Y 93188
X 420708  Y 83188
X 410708  Y 93188
X 410708  Y 83188
X 400708  Y 93188
X 400708  Y 83188
X 390708  Y 93188
X 390708  Y 83188
X 380708  Y 93188
X 380708  Y 83188
X 370708  Y 93188
X 370708  Y 83188
X 360708  Y 93188
X 360708  Y 83188
X 350708  Y 93188
X 350708  Y 83188
X 340708  Y 93188
X 340708  Y 83188
X 330708  Y 93188
X 330708  Y 83188
X 320708  Y 93188
X 320708  Y 83188
X 310708  Y 93188
X 310708  Y 83188
X 300708  Y 93188
X 300708  Y 83188
X 290708  Y 93188
X 290708  Y 83188
X 280708  Y 93188
X 280708  Y 83188
X 270708  Y 93188
X 270708  Y 83188
X 260708  Y 93188
X 260708  Y 83188

Drill: .12598  Tool: 4  Feed: 35  Speed: 794
X 115748  Y -384251
X 645669  Y -384251
X 645669  Y 84251
X 115748  Y 84251

End of Listing
