Drill Listing
=============
Drill: .01181  Tool: 1  Feed: 95  Speed: 300
X 125590  Y -272047
X 137401  Y -272047
X 192519  Y -272047
X 204330  Y -272047
X 259448  Y -272047
X 271259  Y -272047
X 326377  Y -272047
X 338188  Y -272047
X 393307  Y -272047
X 405118  Y -272047
X 460236  Y -272047
X 472047  Y -272047
X 527165  Y -272047
X 538976  Y -272047
X 594094  Y -272047
X 605905  Y -272047
X 607874  Y -243996
X 605500  Y -261767
X 605500  Y -254767
X 594094  Y -258267
X 540944  Y -243996
X 538570  Y -254767
X 538570  Y -261767
X 527165  Y -258267
X 474015  Y -243996
X 471641  Y -254767
X 471641  Y -261767
X 460236  Y -258267
X 407086  Y -243996
X 404712  Y -261767
X 404712  Y -254767
X 393307  Y -258267
X 340157  Y -243996
X 337783  Y -254767
X 337783  Y -261767
X 326377  Y -258267
X 273228  Y -243996
X 270854  Y -254767
X 270854  Y -261767
X 259448  Y -258267
X 206299  Y -243996
X 203925  Y -254767
X 203925  Y -261767
X 192519  Y -258267
X 139370  Y -243996
X 136996  Y -261767
X 136996  Y -254767
X 125590  Y -258267
X 125590  Y -230708
X 125590  Y -242519
X 139370  Y -228740
X 192519  Y -230708
X 192519  Y -242519
X 206299  Y -228740
X 259448  Y -230708
X 259448  Y -242519
X 273228  Y -228740
X 326377  Y -242519
X 326377  Y -230708
X 340157  Y -228740
X 393307  Y -242519
X 393307  Y -230708
X 407086  Y -228740
X 460236  Y -242519
X 460236  Y -230708
X 474015  Y -228740
X 527165  Y -242519
X 527165  Y -230708
X 540944  Y -228740
X 594094  Y -242519
X 594094  Y -230708
X 607874  Y -228740
X 605905  Y -96850
X 594094  Y -96850
X 538976  Y -96850
X 527165  Y -96850
X 472047  Y -96850
X 460236  Y -96850
X 405118  Y -96850
X 393307  Y -96850
X 338188  Y -96850
X 326377  Y -96850
X 271259  Y -96850
X 259448  Y -96850
X 204330  Y -96850
X 192519  Y -96850
X 137401  Y -96850
X 125590  Y -96850
X 125590  Y -83070
X 136996  Y -86570
X 136996  Y -79570
X 139370  Y -68799
X 192519  Y -83070
X 203925  Y -86570
X 203925  Y -79570
X 206299  Y -68799
X 259448  Y -83070
X 270854  Y -79570
X 270854  Y -86570
X 273228  Y -68799
X 326377  Y -83070
X 337783  Y -79570
X 337783  Y -86570
X 340157  Y -68799
X 393307  Y -83070
X 404712  Y -86570
X 404712  Y -79570
X 407086  Y -68799
X 460236  Y -83070
X 471641  Y -86570
X 471641  Y -79570
X 474015  Y -68799
X 527165  Y -83070
X 538570  Y -86570
X 538570  Y -79570
X 540944  Y -68799
X 594094  Y -83070
X 605500  Y -79570
X 605500  Y -86570
X 607874  Y -68799
X 607874  Y -53543
X 594094  Y -55511
X 594094  Y -67322
X 540944  Y -53543
X 527165  Y -55511
X 527165  Y -67322
X 474015  Y -53543
X 460236  Y -55511
X 460236  Y -67322
X 407086  Y -53543
X 393307  Y -55511
X 393307  Y -67322
X 340157  Y -53543
X 326377  Y -67322
X 326377  Y -55511
X 273228  Y -53543
X 259448  Y -67322
X 259448  Y -55511
X 206299  Y -53543
X 192519  Y -67322
X 192519  Y -55511
X 139370  Y -53543
X 125590  Y -55511
X 125590  Y -67322
X 480905  Y 52755
X 480905  Y 33070
X 496653  Y 48818
X 496653  Y 37007
X 504527  Y 48818
X 504527  Y 37007
X 520275  Y 52755
X 520275  Y 33070
X 536023  Y 48818
X 536023  Y 37007
X 543897  Y 37007
X 543897  Y 48818
X 551771  Y 48818
X 551771  Y 37007

Drill: .03543  Tool: 2  Feed: 197  Speed: 550
X 143307  Y -311417
X 166929  Y -311417
X 210236  Y -311417
X 233858  Y -311417
X 277165  Y -311417
X 300787  Y -311417
X 344094  Y -311417
X 367716  Y -311417
X 411023  Y -311417
X 434645  Y -311417
X 477952  Y -311417
X 501574  Y -311417
X 544881  Y -311417
X 568503  Y -311417
X 611811  Y -311417
X 635433  Y -311417
X 605905  Y -285826
X 595905  Y -285826
X 538976  Y -285826
X 528976  Y -285826
X 472047  Y -285826
X 462047  Y -285826
X 405118  Y -285826
X 395118  Y -285826
X 338188  Y -285826
X 328188  Y -285826
X 271259  Y -285826
X 261259  Y -285826
X 204330  Y -285826
X 194330  Y -285826
X 137401  Y -285826
X 127401  Y -285826
X 127559  Y -212992
X 135433  Y -212992
X 194488  Y -212992
X 202362  Y -212992
X 261417  Y -212992
X 269291  Y -212992
X 328346  Y -212992
X 336220  Y -212992
X 395275  Y -212992
X 403149  Y -212992
X 462204  Y -212992
X 470078  Y -212992
X 529133  Y -212992
X 537007  Y -212992
X 596062  Y -212992
X 603937  Y -212992
X 635433  Y -136220
X 611811  Y -136220
X 568503  Y -136220
X 544881  Y -136220
X 501574  Y -136220
X 477952  Y -136220
X 434645  Y -136220
X 411023  Y -136220
X 367716  Y -136220
X 344094  Y -136220
X 300787  Y -136220
X 277165  Y -136220
X 233858  Y -136220
X 210236  Y -136220
X 166929  Y -136220
X 143307  Y -136220
X 127401  Y -110629
X 137401  Y -110629
X 194330  Y -110629
X 204330  Y -110629
X 261259  Y -110629
X 271259  Y -110629
X 328188  Y -110629
X 338188  Y -110629
X 395118  Y -110629
X 405118  Y -110629
X 462047  Y -110629
X 472047  Y -110629
X 528976  Y -110629
X 538976  Y -110629
X 595905  Y -110629
X 605905  Y -110629
X 603937  Y -37795
X 596062  Y -37795
X 537007  Y -37795
X 529133  Y -37795
X 470078  Y -37795
X 462204  Y -37795
X 403149  Y -37795
X 395275  Y -37795
X 336220  Y -37795
X 328346  Y -37795
X 269291  Y -37795
X 261417  Y -37795
X 202362  Y -37795
X 194488  Y -37795
X 135433  Y -37795
X 127559  Y -37795

Drill: .04  Tool: 3  Feed: 139  Speed: 550
X 260708  Y -383188
X 260708  Y -393188
X 270708  Y -383188
X 270708  Y -393188
X 280708  Y -383188
X 280708  Y -393188
X 290708  Y -383188
X 290708  Y -393188
X 300708  Y -383188
X 300708  Y -393188
X 310708  Y -383188
X 310708  Y -393188
X 320708  Y -383188
X 320708  Y -393188
X 330708  Y -383188
X 330708  Y -393188
X 340708  Y -383188
X 340708  Y -393188
X 350708  Y -383188
X 350708  Y -393188
X 360708  Y -383188
X 360708  Y -393188
X 370708  Y -383188
X 370708  Y -393188
X 380708  Y -383188
X 380708  Y -393188
X 390708  Y -383188
X 390708  Y -393188
X 400708  Y -383188
X 400708  Y -393188
X 410708  Y -383188
X 410708  Y -393188
X 420708  Y -383188
X 420708  Y -393188
X 430708  Y -383188
X 430708  Y -393188
X 440708  Y -383188
X 440708  Y -393188
X 450708  Y -383188
X 450708  Y -393188
X 460708  Y -383188
X 460708  Y -393188
X 470708  Y -383188
X 470708  Y -393188
X 480708  Y -383188
X 480708  Y -393188
X 490708  Y -383188
X 490708  Y -393188
X 500708  Y -383188
X 500708  Y -393188
X 500708  Y 93188
X 500708  Y 83188
X 490708  Y 93188
X 490708  Y 83188
X 480708  Y 93188
X 480708  Y 83188
X 470708  Y 93188
X 470708  Y 83188
X 460708  Y 93188
X 460708  Y 83188
X 450708  Y 93188
X 450708  Y 83188
X 440708  Y 93188
X 440708  Y 83188
X 430708  Y 93188
X 430708  Y 83188
X 420708  Y 93188
X 420708  Y 83188
X 410708  Y 93188
X 410708  Y 83188
X 400708  Y 93188
X 400708  Y 83188
X 390708  Y 93188
X 390708  Y 83188
X 380708  Y 93188
X 380708  Y 83188
X 370708  Y 93188
X 370708  Y 83188
X 360708  Y 93188
X 360708  Y 83188
X 350708  Y 93188
X 350708  Y 83188
X 340708  Y 93188
X 340708  Y 83188
X 330708  Y 93188
X 330708  Y 83188
X 320708  Y 93188
X 320708  Y 83188
X 310708  Y 93188
X 310708  Y 83188
X 300708  Y 93188
X 300708  Y 83188
X 290708  Y 93188
X 290708  Y 83188
X 280708  Y 93188
X 280708  Y 83188
X 270708  Y 93188
X 270708  Y 83188
X 260708  Y 93188
X 260708  Y 83188

Drill: .04724  Tool: 4  Feed: 139  Speed: 550
X 166929  Y -284960
X 233858  Y -284960
X 300787  Y -284960
X 367716  Y -284960
X 434645  Y -284960
X 501574  Y -284960
X 568503  Y -284960
X 635433  Y -284960
X 635433  Y -264960
X 635433  Y -224960
X 568503  Y -224960
X 568503  Y -264960
X 501574  Y -224960
X 501574  Y -264960
X 434645  Y -264960
X 434645  Y -224960
X 367716  Y -224960
X 367716  Y -264960
X 300787  Y -264960
X 300787  Y -224960
X 233858  Y -224960
X 233858  Y -264960
X 166929  Y -264960
X 166929  Y -224960
X 166929  Y -214960
X 233858  Y -214960
X 300787  Y -214960
X 367716  Y -214960
X 434645  Y -214960
X 501574  Y -214960
X 568503  Y -214960
X 635433  Y -214960
X 635433  Y -109763
X 635433  Y -89763
X 568503  Y -109763
X 568503  Y -89763
X 501574  Y -109763
X 501574  Y -89763
X 434645  Y -89763
X 434645  Y -109763
X 367716  Y -89763
X 367716  Y -109763
X 300787  Y -109763
X 300787  Y -89763
X 233858  Y -109763
X 233858  Y -89763
X 166929  Y -89763
X 166929  Y -109763
X 166929  Y -49763
X 166929  Y -39763
X 233858  Y -39763
X 233858  Y -49763
X 300787  Y -39763
X 300787  Y -49763
X 367716  Y -39763
X 367716  Y -49763
X 434645  Y -49763
X 434645  Y -39763
X 501574  Y -39763
X 501574  Y -49763
X 568503  Y -49763
X 568503  Y -39763
X 635433  Y -39763
X 635433  Y -49763

Drill: .12598  Tool: 5  Feed: 35  Speed: 794
X 115748  Y -384251
X 645669  Y -384251
X 645669  Y 84251
X 115748  Y 84251

End of Listing
