Drill Listing
=============
Drill: .01181  Tool: 1  Feed: 95  Speed: 300
X 168897  Y 157086
X 229921  Y 157086
X 255511  Y 119685
X 259448  Y 135433
X 271259  Y 135433
X 275196  Y 119685
X 285039  Y 121653
X 285039  Y 133464
X 292913  Y 121653
X 292913  Y 133464
X 300787  Y 133464
X 300787  Y 121653
X 318503  Y 119685
X 322440  Y 135433
X 334251  Y 135433
X 338188  Y 119685
X 378543  Y 131496
X 378543  Y 126574
X 379527  Y 153149
X 387401  Y 153149
X 393307  Y 139370
X 393307  Y 131496
X 395275  Y 153149
X 403149  Y 153149
X 405118  Y 131496
X 405118  Y 139370
X 416929  Y 139370
X 416929  Y 155118
X 416929  Y 147244
X 416929  Y 131496
X 428740  Y 139370
X 428740  Y 155118
X 428740  Y 147244
X 428740  Y 131496
X 440551  Y 139370
X 440551  Y 147244
X 440551  Y 131496
X 440551  Y 155118
X 452362  Y 147244
X 452362  Y 139370
X 452362  Y 131496
X 452362  Y 155118
X 706299  Y 136417
X 741732  Y 145275
X 741732  Y 133464
X 749606  Y 145275
X 749606  Y 133464
X 753543  Y 123622
X 757480  Y 145275
X 757480  Y 133464
X 769291  Y 145275
X 769291  Y 133464
X 897244  Y 147244
X 909055  Y 147244
X 909055  Y 178740
X 897244  Y 178740
X 822933  Y 170866
X 794389  Y 170866
X 749606  Y 176771
X 749606  Y 164960
X 741732  Y 164960
X 741732  Y 176771
X 706299  Y 181692
X 676771  Y 182677
X 664960  Y 182677
X 613779  Y 174803
X 611811  Y 178740
X 582283  Y 169881
X 578346  Y 164960
X 544881  Y 166929
X 535039  Y 166929
X 503543  Y 170866
X 493700  Y 170866
X 487795  Y 170866
X 470078  Y 170866
X 457283  Y 168897
X 451377  Y 168897
X 441535  Y 168897
X 435629  Y 168897
X 403149  Y 164960
X 395275  Y 164960
X 388759  Y 170866
X 387401  Y 164960
X 379527  Y 164960
X 371653  Y 176771
X 367716  Y 172834
X 314566  Y 161023
X 312598  Y 164960
X 308661  Y 166929
X 304724  Y 164960
X 300787  Y 166929
X 300787  Y 171850
X 296850  Y 173818
X 294881  Y 177755
X 245669  Y 180708
X 237795  Y 180708
X 224015  Y 162992
X 213385  Y 172440
X 212204  Y 162992
X 200393  Y 170866
X 200393  Y 178740
X 188582  Y 178740
X 188582  Y 170866
X 172834  Y 170866
X 172834  Y 178740
X 161023  Y 178740
X 161023  Y 170866
X 153149  Y 178740
X 141338  Y 178740
X 141338  Y 202362
X 141338  Y 194488
X 141338  Y 186614
X 153149  Y 202362
X 153149  Y 194488
X 153149  Y 186614
X 161023  Y 186614
X 161023  Y 194488
X 161023  Y 202362
X 172834  Y 186614
X 172834  Y 194488
X 172834  Y 202362
X 188582  Y 194488
X 188582  Y 186614
X 200393  Y 194488
X 200393  Y 186614
X 212204  Y 194488
X 222834  Y 185039
X 224015  Y 194488
X 237795  Y 200393
X 237795  Y 192519
X 245669  Y 192519
X 245669  Y 200393
X 254527  Y 195472
X 259448  Y 198425
X 277165  Y 198425
X 281102  Y 200393
X 285039  Y 202362
X 316535  Y 198425
X 318503  Y 192519
X 319488  Y 187598
X 351968  Y 196456
X 367716  Y 196456
X 367716  Y 184645
X 387401  Y 190551
X 391338  Y 192519
X 397244  Y 194488
X 403149  Y 194488
X 430708  Y 184645
X 430708  Y 196456
X 462204  Y 184645
X 462204  Y 196456
X 479921  Y 186614
X 517322  Y 184645
X 517322  Y 196456
X 540944  Y 186614
X 550787  Y 186614
X 564566  Y 196456
X 564566  Y 184645
X 588188  Y 186614
X 598188  Y 186614
X 611811  Y 196456
X 611811  Y 184645
X 664960  Y 190551
X 676771  Y 190551
X 794881  Y 190551
X 806692  Y 190551
X 909055  Y 210236
X 897244  Y 210236
X 818503  Y 214173
X 790944  Y 214173
X 692519  Y 214173
X 664960  Y 214173
X 603937  Y 210236
X 601968  Y 224015
X 598031  Y 210236
X 593110  Y 210236
X 591141  Y 225984
X 588188  Y 210236
X 586220  Y 227952
X 552755  Y 222047
X 550787  Y 210236
X 545866  Y 218110
X 545866  Y 210236
X 540944  Y 210236
X 538976  Y 220078
X 505511  Y 214173
X 503543  Y 208267
X 493700  Y 208267
X 488779  Y 210236
X 483858  Y 208267
X 438956  Y 212204
X 351968  Y 208267
X 322440  Y 220078
X 245669  Y 212204
X 237795  Y 212204
X 176771  Y 224015
X 172834  Y 210236
X 161023  Y 210236
X 153149  Y 210236
X 141338  Y 210236
X 143744  Y 247232
X 147244  Y 235826
X 150744  Y 247232
X 162992  Y 247637
X 162992  Y 235826
X 170866  Y 247637
X 170866  Y 235826
X 206736  Y 247232
X 210236  Y 235826
X 213736  Y 247232
X 225984  Y 247637
X 225984  Y 235826
X 233858  Y 247637
X 233858  Y 235826
X 269728  Y 247232
X 273228  Y 235826
X 276728  Y 247232
X 288976  Y 247637
X 288976  Y 235826
X 296850  Y 247637
X 296850  Y 235826
X 332720  Y 247232
X 336220  Y 235826
X 339720  Y 247232
X 351968  Y 235826
X 351968  Y 247637
X 359842  Y 235826
X 359842  Y 247637
X 395712  Y 247232
X 399212  Y 235826
X 402712  Y 247232
X 414960  Y 247637
X 414960  Y 235826
X 422834  Y 247637
X 422834  Y 235826
X 458704  Y 247232
X 462204  Y 235826
X 465704  Y 247232
X 477952  Y 247637
X 477952  Y 235826
X 485826  Y 247637
X 485826  Y 235826
X 521696  Y 247232
X 525196  Y 235826
X 528696  Y 247232
X 540944  Y 247637
X 540944  Y 235826
X 548818  Y 235826
X 548818  Y 247637
X 584688  Y 247232
X 588188  Y 235826
X 591688  Y 247232
X 603937  Y 247637
X 603937  Y 235826
X 611811  Y 235826
X 611811  Y 247637
X 729921  Y 249606
X 897244  Y 241732
X 909055  Y 241732
X 936614  Y 273228
X 924803  Y 273228
X 909055  Y 273228
X 897244  Y 273228
X 745669  Y 259448
X 745669  Y 271259
X 733858  Y 271259
X 733858  Y 259448
X 725984  Y 271259
X 725984  Y 259448
X 718110  Y 271259
X 718110  Y 259448
X 686614  Y 258464
X 635433  Y 277165
X 623622  Y 277165
X 596062  Y 262415
X 572440  Y 277165
X 560629  Y 277165
X 533070  Y 262415
X 509448  Y 277165
X 497637  Y 277165
X 470078  Y 262415
X 446456  Y 277165
X 434645  Y 277165
X 407086  Y 262415
X 383464  Y 277165
X 371653  Y 277165
X 344094  Y 262415
X 320472  Y 277165
X 308661  Y 277165
X 281102  Y 262415
X 257480  Y 277165
X 245669  Y 277165
X 218110  Y 262415
X 194488  Y 277165
X 182677  Y 277165
X 155118  Y 262415
X 146118  Y 287165
X 155118  Y 287165
X 164118  Y 287165
X 178740  Y 298818
X 192519  Y 289960
X 209110  Y 287165
X 218110  Y 287165
X 227110  Y 287165
X 241732  Y 298818
X 255511  Y 289960
X 272102  Y 287165
X 281102  Y 287165
X 290102  Y 287165
X 304724  Y 298818
X 318503  Y 289960
X 335094  Y 287165
X 344094  Y 287165
X 353094  Y 287165
X 367716  Y 298818
X 381496  Y 289960
X 398086  Y 287165
X 407086  Y 287165
X 416086  Y 287165
X 430708  Y 298818
X 444488  Y 289960
X 461078  Y 287165
X 470078  Y 287165
X 479078  Y 287165
X 493700  Y 298818
X 507480  Y 289960
X 524070  Y 287165
X 533070  Y 287165
X 542070  Y 287165
X 556692  Y 298818
X 570472  Y 289960
X 587062  Y 287165
X 596062  Y 287165
X 605062  Y 287165
X 619685  Y 298818
X 633464  Y 289960
X 686614  Y 303740
X 718110  Y 290944
X 718110  Y 302755
X 725984  Y 302755
X 725984  Y 290944
X 766830  Y 296850
X 795374  Y 296850
X 897244  Y 304724
X 909055  Y 304724
X 924803  Y 304724
X 936614  Y 304724
X 936614  Y 336220
X 924803  Y 336220
X 909055  Y 336220
X 897244  Y 336220
X 832283  Y 321456
X 832283  Y 327362
X 816535  Y 330314
X 816535  Y 318503
X 794881  Y 332283
X 783070  Y 355905
X 771259  Y 355905
X 767322  Y 332283
X 633464  Y 311614
X 627559  Y 322440
X 627559  Y 350000
X 619685  Y 310629
X 570472  Y 311614
X 564566  Y 322440
X 564566  Y 350000
X 556692  Y 310629
X 507480  Y 311614
X 501574  Y 322440
X 501574  Y 350000
X 493700  Y 310629
X 444488  Y 311614
X 438582  Y 322440
X 438582  Y 350000
X 430708  Y 310629
X 381496  Y 311614
X 375590  Y 350000
X 375590  Y 322440
X 367716  Y 310629
X 318503  Y 311614
X 312598  Y 322440
X 312598  Y 350000
X 304724  Y 310629
X 255511  Y 311614
X 249606  Y 322440
X 249606  Y 350000
X 241732  Y 310629
X 192519  Y 311614
X 186614  Y 350000
X 186614  Y 322440
X 178740  Y 310629
X 655118  Y 379527
X 655118  Y 367716
X 664960  Y 367716
X 692519  Y 367716
X 897244  Y 367716
X 909055  Y 367716
X 924803  Y 367716
X 936614  Y 367716

Drill: .0315  Tool: 2  Feed: 197  Speed: 550
X 111811  Y 178740
X 119685  Y 178740
X 351968  Y 178740
X 635433  Y 182677
X 635433  Y 174803
X 635433  Y 166929
X 635433  Y 159055
X 635433  Y 151181
X 635433  Y 143307
X 643307  Y 174803
X 643307  Y 166929
X 643307  Y 143307
X 643307  Y 159055
X 643307  Y 151181
X 643307  Y 182677
X 926771  Y 155118
X 926771  Y 178740
X 926771  Y 170866
X 926771  Y 162992
X 934645  Y 178740
X 934645  Y 162992
X 934645  Y 170866
X 934645  Y 155118
X 934645  Y 202362
X 934645  Y 194488
X 934645  Y 186614
X 934645  Y 210236
X 926771  Y 202362
X 926771  Y 194488
X 926771  Y 186614
X 926771  Y 210236
X 690551  Y 190551
X 643307  Y 198425
X 643307  Y 190551
X 635433  Y 190551
X 635433  Y 198425
X 119685  Y 194488
X 119685  Y 202362
X 119685  Y 186614
X 119685  Y 210236
X 111811  Y 202362
X 111811  Y 186614
X 111811  Y 194488
X 111811  Y 210236
X 657086  Y 322440
X 832283  Y 359842

Drill: .03543  Tool: 3  Feed: 197  Speed: 550
X 186614  Y 107874
X 186614  Y 137874
X 196614  Y 107874
X 196614  Y 137874
X 206614  Y 107874
X 206614  Y 137874
X 216614  Y 107874
X 216614  Y 137874
X 367716  Y 107874
X 377559  Y 107874
X 387401  Y 107874
X 418897  Y 107874
X 428740  Y 107874
X 438582  Y 107874
X 479803  Y 146614
X 483818  Y 136614
X 487834  Y 146614
X 491850  Y 136614
X 542795  Y 146614
X 546811  Y 136614
X 550826  Y 146614
X 554842  Y 136614
X 664960  Y 149212
X 664960  Y 141338
X 899212  Y 131496
X 907086  Y 131496
X 934645  Y 257480
X 926771  Y 257480
X 907086  Y 194488
X 907086  Y 225984
X 907086  Y 257480
X 907086  Y 162992
X 899212  Y 225984
X 899212  Y 194488
X 899212  Y 257480
X 899212  Y 162992
X 635433  Y 235354
X 625433  Y 235354
X 572440  Y 235354
X 562440  Y 235354
X 509448  Y 235354
X 499448  Y 235354
X 446456  Y 235354
X 436456  Y 235354
X 383464  Y 235354
X 373464  Y 235354
X 320472  Y 235354
X 310472  Y 235354
X 257480  Y 235354
X 247480  Y 235354
X 225984  Y 206299
X 215984  Y 206299
X 194488  Y 235354
X 184488  Y 235354
X 184488  Y 265354
X 194488  Y 265354
X 247480  Y 265354
X 257480  Y 265354
X 310472  Y 265354
X 320472  Y 265354
X 373464  Y 265354
X 383464  Y 265354
X 436456  Y 265354
X 446456  Y 265354
X 499448  Y 265354
X 509448  Y 265354
X 562440  Y 265354
X 572440  Y 265354
X 625433  Y 265354
X 635433  Y 265354
X 899212  Y 288976
X 907086  Y 288976
X 926771  Y 288976
X 934645  Y 288976
X 934645  Y 320472
X 934645  Y 351968
X 926771  Y 320472
X 926771  Y 351968
X 907086  Y 320472
X 907086  Y 351968
X 899212  Y 320472
X 899212  Y 351968
X 834251  Y 336220
X 830314  Y 312598
X 605905  Y 316535
X 605905  Y 348031
X 586220  Y 316535
X 586220  Y 348031
X 542913  Y 348031
X 542913  Y 316535
X 523228  Y 348031
X 523228  Y 316535
X 479921  Y 316535
X 479921  Y 348031
X 460236  Y 348031
X 460236  Y 316535
X 416929  Y 348031
X 416929  Y 316535
X 397244  Y 316535
X 397244  Y 348031
X 353937  Y 348031
X 353937  Y 316535
X 334251  Y 348031
X 334251  Y 316535
X 290944  Y 348031
X 290944  Y 316535
X 271259  Y 316535
X 271259  Y 348031
X 227952  Y 348031
X 227952  Y 316535
X 208267  Y 316535
X 208267  Y 348031
X 164960  Y 316535
X 164960  Y 348031
X 145275  Y 348031
X 145275  Y 316535
X 184645  Y 363779
X 188582  Y 387401
X 247637  Y 363779
X 251574  Y 387401
X 310629  Y 363779
X 314566  Y 387401
X 373622  Y 363779
X 377559  Y 387401
X 436614  Y 363779
X 440551  Y 387401
X 499606  Y 363779
X 503543  Y 387401
X 562598  Y 363779
X 566535  Y 387401
X 625590  Y 363779
X 629527  Y 387401

Drill: .05118  Tool: 4  Feed: 107  Speed: 550
X 149242  Y 367716
X 162992  Y 367716
X 212234  Y 367716
X 225984  Y 367716
X 275226  Y 367716
X 288976  Y 367716
X 338218  Y 367716
X 351968  Y 367716
X 401210  Y 367716
X 414960  Y 367716
X 464202  Y 367716
X 477952  Y 367716
X 527194  Y 367716
X 540944  Y 367716
X 590187  Y 367716
X 603937  Y 367716

Drill: .05906  Tool: 5  Feed: 107  Speed: 550
X 863779  Y 314566
X 863779  Y 334252

Drill: .07087  Tool: 6  Feed: 81  Speed: 550
X 863779  Y 190551
X 863779  Y 273228

Drill: .09843  Tool: 7  Feed: 66  Speed: 550
X 466141  Y 127559
X 505511  Y 127559
X 529133  Y 127559
X 568503  Y 127559

Drill: .12598  Tool: 8  Feed: 35  Speed: 794
X 115748  Y 115748
X 115748  Y 379527
X 871653  Y 379527
X 871653  Y 115748
X 916929  Y 111811
X 916929  Y 383464

End of Listing
