Drill Listing
=============
Drill: .01181  Tool: 1  Feed: 95  Speed: 300
X 401377  Y -325196
X 413188  Y -325196
X 604921  Y -332086
X 612795  Y -329133
X 646259  Y -280905
X 612795  Y -323228
X 604921  Y -320275
X 600984  Y -280905
X 574409  Y -299606
X 562598  Y -299606
X 548326  Y -293700
X 519783  Y -293700
X 510433  Y -289763
X 482874  Y -289763
X 473523  Y -293700
X 444980  Y -293700
X 434645  Y -289763
X 407086  Y -289763
X 393307  Y -289763
X 365748  Y -289763
X 241338  Y -288779
X 241338  Y -276968
X 241338  Y -299606
X 229933  Y -292279
X 229933  Y -285279
X 229527  Y -276968
X 229527  Y -299606
X 221653  Y -284842
X 221653  Y -296653
X 170472  Y -293700
X 160629  Y -292716
X 148818  Y -292716
X 141929  Y -292716
X 130523  Y -289216
X 130523  Y -296216
X 123228  Y -288779
X 123228  Y -296653
X 111417  Y -288779
X 111417  Y -296653
X 111417  Y -254330
X 123228  Y -254330
X 130523  Y -253893
X 141929  Y -250393
X 148818  Y -273031
X 148818  Y -250393
X 160629  Y -273031
X 160629  Y -250393
X 170472  Y -251377
X 170472  Y -272047
X 221653  Y -258267
X 229527  Y -263188
X 229933  Y -254877
X 241338  Y -263188
X 241338  Y -251377
X 262598  Y -256299
X 274409  Y -256299
X 365748  Y -270078
X 377559  Y -270078
X 414960  Y -270078
X 420866  Y -250393
X 420866  Y -262204
X 426771  Y -270078
X 429724  Y -250393
X 429724  Y -262204
X 437598  Y -262204
X 437598  Y -250393
X 475984  Y -272047
X 490748  Y -270078
X 502559  Y -270078
X 504527  Y -262204
X 504527  Y -250393
X 513385  Y -250393
X 513385  Y -262204
X 654133  Y -228740
X 654133  Y -240551
X 634448  Y -248425
X 576377  Y -234645
X 567519  Y -234645
X 532086  Y -240551
X 518307  Y -236614
X 481889  Y -225787
X 481889  Y -237598
X 475984  Y -248425
X 452362  Y -242519
X 440551  Y -242519
X 241338  Y -240551
X 229933  Y -247877
X 229527  Y -240551
X 221653  Y -246456
X 170472  Y -229724
X 160629  Y -230708
X 148818  Y -230708
X 130523  Y -246893
X 123228  Y -246456
X 111417  Y -246456
X 288385  Y -200196
X 300196  Y -200196
X 326574  Y -200196
X 338385  Y -200196
X 374606  Y -220866
X 419881  Y -220866
X 481889  Y -218897
X 481889  Y -207086
X 518307  Y -224803
X 532086  Y -216929
X 567519  Y -222834
X 576377  Y -222834
X 634448  Y -220866
X 647440  Y -119488
X 635629  Y -119488
X 578149  Y -116732
X 578149  Y -104921
X 568307  Y -104921
X 566744  Y -113232
X 566744  Y -120232
X 435629  Y -129330
X 435629  Y -117519
X 417913  Y -117519
X 417913  Y -137204
X 402165  Y -117519
X 402165  Y -129330
X 394291  Y -129330
X 394291  Y -117519
X 364763  Y -137204
X 364763  Y -117519
X 348031  Y -117519
X 348031  Y -129330
X 285236  Y -111614
X 276377  Y -116535
X 264566  Y -116535
X 255708  Y -110629
X 247834  Y -110629
X 239960  Y -110629
X 232086  Y -110629
X 180905  Y -128346
X 180905  Y -116535
X 173031  Y -128346
X 173031  Y -116535
X 167125  Y -56496
X 167125  Y -68307
X 174015  Y -68307
X 174015  Y -62401
X 179921  Y -62401
X 179921  Y -68307
X 212401  Y -87007
X 212401  Y -79133
X 212401  Y -71259
X 212401  Y -53543
X 224212  Y -87007
X 224212  Y -79133
X 224212  Y -71259
X 224212  Y -53543
X 232086  Y -98818
X 239960  Y -98818
X 247834  Y -98818
X 255708  Y -98818
X 285236  Y -99803
X 330314  Y -53543
X 330314  Y -82086
X 342125  Y -53543
X 342125  Y -82086
X 568307  Y -93110
X 568503  Y -56496
X 568700  Y -64370
X 578149  Y -93110
X 580314  Y -56496
X 580511  Y -64370
X 598818  Y -88188
X 614074  Y -88188
X 633661  Y -68307
X 633661  Y -60433
X 645472  Y -68307
X 645472  Y -60433
X 643503  Y -25000
X 643503  Y -17125
X 631692  Y -25000
X 631692  Y -35826
X 631692  Y -17125
X 624803  Y -393
X 619881  Y -35826
X 617913  Y -6299
X 612992  Y -35826
X 601181  Y -35826
X 580511  Y -47637
X 568700  Y -47637
X 475000  Y -16141
X 475000  Y -24015
X 463188  Y -16141
X 463188  Y -24015
X 342322  Y -44685
X 342322  Y -23031
X 330511  Y -23031
X 330511  Y -44685
X 276181  Y -30905
X 276181  Y -19094
X 268307  Y -19094
X 268307  Y -30905
X 253543  Y -30905
X 253543  Y -19094
X 209251  Y -11220
X 197440  Y -11220
X 188582  Y -11220
X 188582  Y -3346
X 176771  Y -3346
X 176771  Y -11220
X 175000  Y -37795
X 175000  Y -49606
X 149212  Y -35826
X 133956  Y -35826
X 176771  Y 20275
X 176771  Y 4527
X 176771  Y 12401
X 188582  Y 20275
X 188582  Y 4527
X 188582  Y 12401
X 197440  Y 4527
X 197440  Y 12401
X 209251  Y 4527
X 209251  Y 12401
X 227165  Y 19291
X 235039  Y 19291
X 242913  Y 19291
X 250787  Y 19291
X 258661  Y 19291
X 364763  Y 6496
X 364763  Y 18307
X 385433  Y 19291
X 385433  Y 7480
X 393307  Y 7480
X 393307  Y 19291
X 413976  Y 19291
X 413976  Y 7480
X 557874  Y 8464
X 557874  Y 16338
X 569685  Y 8464
X 569685  Y 16338
X 617913  Y 11417
X 617913  Y 5511
X 617913  Y 23228
X 624803  Y 17322
X 624803  Y 11417
X 624803  Y 5511
X 633661  Y 4527
X 645472  Y 4527
X 598228  Y 25196
X 586417  Y 25196
X 505511  Y 68503
X 505511  Y 56692
X 495669  Y 68503
X 495669  Y 56692
X 485826  Y 56692
X 485826  Y 68503
X 258661  Y 31102
X 250787  Y 31102
X 242913  Y 31102
X 235039  Y 31102
X 227165  Y 31102
X 209251  Y 27165
X 197440  Y 27165
X 188582  Y 27165
X 176771  Y 27165

Drill: .012  Tool: 2  Feed: 95  Speed: 300
X 262401  Y -339960
X 652165  Y -405905
X 433661  Y -108661
X 428740  Y -150984
X 406102  Y -107677
X 402165  Y -107677
X 395275  Y -107677
X 392322  Y -107677
X 378543  Y -112598
X 367716  Y -112598
X 354921  Y -180511
X 331299  Y -135728
X 328346  Y -138188
X 323425  Y -108661
X 317519  Y -108661
X 312598  Y -106200
X 170866  Y -97834
X 185629  Y -97834
X 247145  Y -87992
X 250590  Y -87992
X 266338  Y -96850
X 285039  Y -81102
X 317519  Y -94881
X 352952  Y -78149
X 352952  Y -81102
X 364763  Y -80118
X 369685  Y -94881
X 373622  Y -94881
X 382480  Y -94881
X 385433  Y -94881
X 388385  Y -94881
X 394291  Y -94881
X 400196  Y -94881
X 404133  Y -94881
X 408070  Y -94881
X 431692  Y -96850
X 437598  Y -95866
X 441535  Y -80118
X 441535  Y -76181
X 453346  Y -78149
X 568503  Y -75196
X 627559  Y -53543
X 624606  Y -50590
X 604921  Y -63385
X 601968  Y -60433
X 489763  Y -65354
X 481889  Y -66338
X 478937  Y -68307
X 453346  Y -71259
X 453346  Y -74212
X 441535  Y -70275
X 402165  Y -68307
X 400196  Y -65354
X 398228  Y -68307
X 369685  Y -68307
X 364763  Y -64370
X 364763  Y -60433
X 364763  Y -56496
X 352952  Y -62401
X 352952  Y -54527
X 352952  Y -58464
X 352952  Y -50590
X 344094  Y -64370
X 308661  Y -67322
X 305708  Y -69291
X 303740  Y -74704
X 301771  Y -51574
X 299803  Y -71259
X 249606  Y -61417
X 249606  Y -65354
X 249606  Y -69291
X 249606  Y -57480
X 247637  Y -74704
X 246653  Y -55511
X 246653  Y -51574
X 246653  Y -63385
X 246653  Y -71259
X 246653  Y -59448
X 231889  Y -67322
X 224015  Y -11220
X 224015  Y -8267
X 224015  Y -5314
X 224015  Y -14173
X 245866  Y -38779
X 247834  Y -36811
X 249803  Y -38779
X 251771  Y -36811
X 253740  Y -38779
X 257480  Y -1377
X 351968  Y -28937
X 352952  Y -23031
X 352952  Y -42716
X 352952  Y -46653
X 364763  Y -44685
X 364763  Y -48622
X 364763  Y -40748
X 394291  Y -20078
X 394291  Y -6299
X 441535  Y -48622
X 454330  Y -49606
X 530118  Y -24015
X 565551  Y -24015
X 589173  Y -2362
X 603937  Y -25000
X 608858  Y -27952
X 613779  Y -47637
X 390354  Y 32086
X 381496  Y 38976
X 370669  Y 40944
X 368700  Y 590
X 360826  Y 42913
X 350984  Y 44881
X 340157  Y 46850
X 330314  Y 48818
X 260433  Y 10433
X 254527  Y 7480
X 251574  Y 4527
X 248622  Y 1574
X 221062  Y 59645
X 242716  Y 63582
X 246653  Y 66535
X 254527  Y 72440
X 263385  Y 69488
X 311614  Y 52755
X 321456  Y 50787
X 390354  Y 65551
X 411023  Y 59645
X 420866  Y 57677
X 429724  Y 54724
X 440551  Y 65551

Drill: .02  Tool: 3  Feed: 197  Speed: 550
X 343110  Y -37795
X 343110  Y -29921

Drill: .0315  Tool: 4  Feed: 197  Speed: 550
X 391535  Y -325196
X 634448  Y -210039
X 258661  Y 46850
X 250787  Y 46850
X 242913  Y 46850
X 235039  Y 46850
X 227165  Y 46850
X 227165  Y 54724
X 235039  Y 54724
X 242913  Y 54724
X 250787  Y 54724
X 258661  Y 54724

Drill: .03543  Tool: 5  Feed: 197  Speed: 550
X 117716  Y -363582
X 117716  Y -353582
X 129527  Y -363582
X 129527  Y -353582
X 141338  Y -363582
X 141338  Y -353582
X 153149  Y -363582
X 153149  Y -353582
X 164960  Y -363582
X 164960  Y -353582
X 176771  Y -363582
X 176771  Y -353582
X 646259  Y -334055
X 646259  Y -343897
X 646259  Y -324212
X 429921  Y -325196
X 422047  Y -325196
X 176771  Y -334055
X 176771  Y -324055
X 164960  Y -334055
X 164960  Y -324055
X 153149  Y -334055
X 153149  Y -324055
X 141338  Y -324055
X 141338  Y -334055
X 129527  Y -334055
X 129527  Y -324055
X 117716  Y -324055
X 117716  Y -334055
X 183267  Y -276968
X 183267  Y -286968
X 183267  Y -246614
X 183267  Y -236614
X 213267  Y -236614
X 213267  Y -286968
X 213267  Y -246614
X 213267  Y -276968
X 609527  Y -185905
X 609527  Y -175905
X 609527  Y -165905
X 609527  Y -155905
X 579527  Y -155905
X 579527  Y -165905
X 579527  Y -175905
X 579527  Y -185905
X 137598  Y -191496
X 137598  Y -152086
X 137598  Y -181496
X 137598  Y -144055
X 137598  Y -83031
X 137598  Y -91062
X 147598  Y -140039
X 147598  Y -79015
X 147598  Y -87047
X 147598  Y -148070
X 593897  Y -116732
X 613582  Y -116732
X 637598  Y -102755
X 645472  Y -102755
X 645472  Y 15354
X 643661  Y -7283
X 635472  Y 15354
X 633661  Y -7283
X 375590  Y 8464
X 375590  Y 18464
X 185826  Y -47795
X 185826  Y -37795

Drill: .036  Tool: 6  Feed: 197  Speed: 550
X 130511  Y -393
X 156511  Y -4393
X 156511  Y -13393
X 156511  Y 31606
X 156511  Y 40606
X 137511  Y 19606
X 137511  Y 3606
X 137511  Y 11606
X 137511  Y 27606
X 130511  Y 23606
X 130511  Y 7606
X 130511  Y 15606

Drill: .04  Tool: 7  Feed: 139  Speed: 550
X 260708  Y -393188
X 260708  Y -383188
X 270708  Y -393188
X 270708  Y -383188
X 280708  Y -393188
X 280708  Y -383188
X 290708  Y -393188
X 290708  Y -383188
X 300708  Y -393188
X 300708  Y -383188
X 310708  Y -393188
X 310708  Y -383188
X 320708  Y -393188
X 320708  Y -383188
X 330708  Y -393188
X 330708  Y -383188
X 340708  Y -393188
X 340708  Y -383188
X 350708  Y -393188
X 350708  Y -383188
X 360708  Y -393188
X 360708  Y -383188
X 370708  Y -393188
X 370708  Y -383188
X 380708  Y -393188
X 380708  Y -383188
X 390708  Y -393188
X 390708  Y -383188
X 400708  Y -393188
X 400708  Y -383188
X 410708  Y -393188
X 410708  Y -383188
X 420708  Y -393188
X 420708  Y -383188
X 430708  Y -393188
X 430708  Y -383188
X 440708  Y -393188
X 440708  Y -383188
X 450708  Y -393188
X 450708  Y -383188
X 460708  Y -393188
X 460708  Y -383188
X 470708  Y -393188
X 470708  Y -383188
X 480708  Y -393188
X 480708  Y -383188
X 490708  Y -393188
X 490708  Y -383188
X 500708  Y -393188
X 500708  Y -383188
X 500708  Y 83188
X 500708  Y 93188
X 490708  Y 83188
X 490708  Y 93188
X 480708  Y 83188
X 480708  Y 93188
X 470708  Y 83188
X 470708  Y 93188
X 460708  Y 83188
X 460708  Y 93188
X 450708  Y 83188
X 450708  Y 93188
X 440708  Y 83188
X 440708  Y 93188
X 430708  Y 83188
X 430708  Y 93188
X 420708  Y 83188
X 420708  Y 93188
X 410708  Y 83188
X 410708  Y 93188
X 400708  Y 83188
X 400708  Y 93188
X 390708  Y 83188
X 390708  Y 93188
X 380708  Y 83188
X 380708  Y 93188
X 370708  Y 83188
X 370708  Y 93188
X 360708  Y 83188
X 360708  Y 93188
X 350708  Y 83188
X 350708  Y 93188
X 340708  Y 83188
X 340708  Y 93188
X 330708  Y 83188
X 330708  Y 93188
X 320708  Y 83188
X 320708  Y 93188
X 310708  Y 83188
X 310708  Y 93188
X 300708  Y 83188
X 300708  Y 93188
X 290708  Y 83188
X 290708  Y 93188
X 280708  Y 83188
X 280708  Y 93188
X 270708  Y 83188
X 270708  Y 93188
X 260708  Y 83188
X 260708  Y 93188

Drill: .05118  Tool: 8  Feed: 107  Speed: 550
X 162175  Y -472834
X 175984  Y -472834
X 189734  Y -472834
X 213356  Y -472834
X 227165  Y -472834
X 240915  Y -472834
X 264537  Y -472834
X 278346  Y -472834
X 292096  Y -472834
X 315718  Y -472834
X 329527  Y -472834
X 343277  Y -472834
X 366899  Y -472834
X 380708  Y -472834
X 394458  Y -472834
X 418080  Y -472834
X 431889  Y -472834
X 445639  Y -472834
X 469261  Y -472834
X 483070  Y -472834
X 496820  Y -472834
X 520442  Y -472834
X 534251  Y -472834
X 548001  Y -472834
X 571624  Y -472834
X 585433  Y -472834
X 599183  Y -472834
X 599183  Y -429527
X 585433  Y -429527
X 571624  Y -429527
X 548001  Y -429527
X 534251  Y -429527
X 520442  Y -429527
X 496820  Y -429527
X 483070  Y -429527
X 469261  Y -429527
X 445639  Y -429527
X 431889  Y -429527
X 418080  Y -429527
X 394458  Y -429527
X 380708  Y -429527
X 366899  Y -429527
X 343277  Y -429527
X 329527  Y -429527
X 315718  Y -429527
X 292096  Y -429527
X 278346  Y -429527
X 264537  Y -429527
X 240915  Y -429527
X 227165  Y -429527
X 213356  Y -429527
X 189734  Y -429527
X 175984  Y -429527
X 162175  Y -429527

Drill: .05906  Tool: 9  Feed: 107  Speed: 550
X 637007  Y -441732
X 637007  Y -422046

Drill: .07087  Tool: 10  Feed: 81  Speed: 550
X 503543  Y -337007
X 586220  Y -337007
X 134011  Y -18393
X 134011  Y 45606

Drill: .09843  Tool: 11  Feed: 66  Speed: 550
X 128543  Y -169685
X 128543  Y -108661
X 128543  Y -122440
X 128543  Y -61417

Drill: .10827  Tool: 12  Feed: 69  Speed: 658
X 305905  Y -173622
X 534251  Y -173622
X 534251  Y 19291
X 305905  Y 19291

Drill: .12598  Tool: 13  Feed: 35  Speed: 794
X 115748  Y -474803
X 115748  Y -384251
X 645669  Y -384251
X 645669  Y -474803
X 645669  Y 84251
X 115748  Y 84251

Drill: .128  Tool: 14  Feed: 35  Speed: 794
X 120511  Y -11393
X 120511  Y 38606

End of Listing
