Drill Listing
=============
Drill: .01181  Tool: 1  Feed: 95  Speed: 300
X 237795  Y 149212
X 242169  Y 129122
X 245669  Y 117716
X 249169  Y 129122
X 253543  Y 153149
X 263385  Y 117716
X 263385  Y 129527
X 265354  Y 151181
X 269291  Y 153149
X 273228  Y 151181
X 279133  Y 133464
X 279133  Y 113779
X 285039  Y 155118
X 296850  Y 129527
X 296850  Y 117716
X 298816  Y 137403
X 298818  Y 155118
X 304721  Y 135433
X 304724  Y 129527
X 304724  Y 117716
X 312598  Y 129527
X 312598  Y 117716
X 324409  Y 140354
X 326377  Y 113779
X 328346  Y 155118
X 330314  Y 129527
X 342125  Y 129527
X 346062  Y 113779
X 462204  Y 123622
X 464173  Y 129527
X 659055  Y 139370
X 659055  Y 151181
X 706299  Y 152165
X 706299  Y 106889
X 737795  Y 137401
X 737795  Y 149212
X 737795  Y 121653
X 737795  Y 109842
X 745669  Y 121653
X 745669  Y 137401
X 745669  Y 149212
X 745669  Y 109842
X 753543  Y 121653
X 753543  Y 109842
X 765354  Y 109842
X 765354  Y 121653
X 782578  Y 143307
X 800787  Y 109842
X 811122  Y 143307
X 810629  Y 172834
X 783070  Y 172834
X 680708  Y 166929
X 659055  Y 174803
X 558661  Y 180708
X 510433  Y 170866
X 504527  Y 170866
X 498622  Y 170866
X 492716  Y 170866
X 442519  Y 159055
X 442519  Y 170866
X 434645  Y 159055
X 434645  Y 170866
X 426771  Y 159055
X 426771  Y 170866
X 424803  Y 178740
X 418897  Y 159055
X 418897  Y 170866
X 414960  Y 178740
X 411023  Y 159055
X 411023  Y 170866
X 403149  Y 170866
X 403149  Y 159055
X 296850  Y 159055
X 294881  Y 162992
X 292913  Y 166929
X 253543  Y 164960
X 243700  Y 178740
X 237795  Y 168897
X 231889  Y 178740
X 200393  Y 174803
X 188582  Y 174803
X 172834  Y 174803
X 161023  Y 174803
X 141338  Y 206299
X 141338  Y 198425
X 141338  Y 182677
X 141338  Y 190551
X 153149  Y 206299
X 153149  Y 198425
X 153149  Y 182677
X 153149  Y 190551
X 161023  Y 182677
X 161023  Y 190551
X 161023  Y 198425
X 161023  Y 206299
X 172834  Y 182677
X 172834  Y 190551
X 172834  Y 198425
X 172834  Y 206299
X 188582  Y 206299
X 188582  Y 190551
X 188582  Y 182677
X 188582  Y 198425
X 200393  Y 198425
X 200393  Y 190551
X 200393  Y 206299
X 200393  Y 182677
X 233070  Y 188188
X 242519  Y 200787
X 253543  Y 200393
X 261417  Y 198425
X 265354  Y 202362
X 290944  Y 198425
X 292913  Y 194488
X 324409  Y 196456
X 363779  Y 196456
X 395275  Y 204330
X 395275  Y 192519
X 422834  Y 202362
X 428740  Y 202362
X 483858  Y 192519
X 483858  Y 204330
X 519291  Y 204330
X 519291  Y 192519
X 558503  Y 202362
X 562598  Y 200393
X 568503  Y 202362
X 578346  Y 202362
X 594094  Y 196456
X 594094  Y 184645
X 659055  Y 186614
X 680708  Y 194488
X 706299  Y 205314
X 790944  Y 194488
X 802755  Y 194488
X 914960  Y 251574
X 811122  Y 241732
X 800787  Y 208267
X 782578  Y 241732
X 765354  Y 220078
X 765354  Y 208267
X 753543  Y 208267
X 753543  Y 220078
X 745669  Y 208267
X 745669  Y 247637
X 745669  Y 235826
X 745669  Y 220078
X 737795  Y 235826
X 737795  Y 247637
X 737795  Y 220078
X 737795  Y 208267
X 706299  Y 250590
X 637401  Y 245669
X 637401  Y 253543
X 625590  Y 245669
X 625590  Y 253543
X 617716  Y 253543
X 617716  Y 245669
X 617716  Y 235826
X 606311  Y 239326
X 606311  Y 232326
X 605905  Y 245669
X 605905  Y 253543
X 598031  Y 253543
X 586220  Y 253543
X 574409  Y 253543
X 574409  Y 245669
X 562598  Y 253543
X 562598  Y 245669
X 554724  Y 245669
X 554724  Y 253543
X 554724  Y 235826
X 543318  Y 239326
X 543318  Y 232326
X 542913  Y 245669
X 542913  Y 253543
X 535039  Y 253543
X 523228  Y 253543
X 511417  Y 245669
X 511417  Y 253543
X 509448  Y 221062
X 499606  Y 245669
X 499606  Y 253543
X 491732  Y 218110
X 491732  Y 235826
X 491732  Y 253543
X 491732  Y 245669
X 480326  Y 239326
X 480326  Y 232326
X 479921  Y 253543
X 479921  Y 245669
X 472047  Y 253543
X 460236  Y 253543
X 448425  Y 245669
X 448425  Y 253543
X 436614  Y 245669
X 436614  Y 253543
X 428740  Y 245669
X 428740  Y 253543
X 428740  Y 235826
X 417334  Y 239326
X 417334  Y 232326
X 416929  Y 245669
X 416929  Y 253543
X 409055  Y 253543
X 397244  Y 253543
X 385433  Y 245669
X 385433  Y 253543
X 373622  Y 253543
X 373622  Y 245669
X 365748  Y 235826
X 365748  Y 253543
X 365748  Y 245669
X 363779  Y 208267
X 354342  Y 239326
X 354342  Y 232326
X 353937  Y 253543
X 353937  Y 245669
X 346062  Y 253543
X 334251  Y 253543
X 322440  Y 224015
X 322440  Y 245669
X 322440  Y 253543
X 310629  Y 253543
X 310629  Y 245669
X 302755  Y 235826
X 302755  Y 253543
X 302755  Y 245669
X 291350  Y 232326
X 291350  Y 239326
X 290944  Y 253543
X 290944  Y 245669
X 283070  Y 253543
X 271259  Y 253543
X 259448  Y 253543
X 259448  Y 245669
X 253543  Y 212204
X 247637  Y 245669
X 247637  Y 253543
X 243700  Y 210236
X 239763  Y 253543
X 239763  Y 245669
X 239763  Y 235826
X 231889  Y 210236
X 228358  Y 232326
X 228358  Y 239326
X 227952  Y 253543
X 227952  Y 245669
X 220078  Y 253543
X 208267  Y 253543
X 200393  Y 214173
X 196456  Y 245669
X 196456  Y 253543
X 188582  Y 214173
X 184645  Y 245669
X 184645  Y 253543
X 176771  Y 253543
X 176771  Y 245669
X 176771  Y 235826
X 172834  Y 214173
X 165366  Y 239326
X 165366  Y 232326
X 164960  Y 245669
X 164960  Y 253543
X 161023  Y 214173
X 157086  Y 253543
X 153149  Y 214173
X 145275  Y 253543
X 141338  Y 214173
X 109842  Y 271259
X 129527  Y 271259
X 145275  Y 263385
X 145275  Y 275196
X 151181  Y 271259
X 196456  Y 263385
X 196456  Y 275196
X 208267  Y 263385
X 208267  Y 275196
X 214173  Y 271259
X 259448  Y 263385
X 259448  Y 275196
X 271259  Y 263385
X 271259  Y 275196
X 277165  Y 271259
X 322440  Y 263385
X 322440  Y 275196
X 334251  Y 275196
X 334251  Y 263385
X 340157  Y 271259
X 385433  Y 263385
X 385433  Y 275196
X 397244  Y 275196
X 397244  Y 263385
X 403149  Y 271259
X 448425  Y 263385
X 448425  Y 275196
X 460236  Y 263385
X 460236  Y 275196
X 466141  Y 271259
X 511417  Y 263385
X 511417  Y 275196
X 523228  Y 263385
X 523228  Y 275196
X 529133  Y 271259
X 574409  Y 263385
X 574409  Y 275196
X 586220  Y 263385
X 586220  Y 275196
X 592125  Y 271259
X 637401  Y 275196
X 637401  Y 263385
X 657086  Y 273228
X 680708  Y 265354
X 783070  Y 269291
X 810629  Y 269291
X 914960  Y 263385
X 914960  Y 294881
X 914960  Y 283070
X 802755  Y 288976
X 790944  Y 288976
X 680708  Y 292913
X 657086  Y 285039
X 637401  Y 287007
X 637401  Y 298818
X 615748  Y 286023
X 615748  Y 295866
X 594094  Y 286023
X 586220  Y 298818
X 586220  Y 287007
X 574409  Y 298818
X 574409  Y 287007
X 552755  Y 286023
X 552755  Y 295866
X 531102  Y 286023
X 523228  Y 298818
X 523228  Y 287007
X 511417  Y 287007
X 511417  Y 298818
X 489763  Y 286023
X 489763  Y 295866
X 468110  Y 286023
X 460236  Y 287007
X 460236  Y 298818
X 448425  Y 287007
X 448425  Y 298818
X 426771  Y 286023
X 426771  Y 295866
X 405118  Y 286023
X 397244  Y 287007
X 397244  Y 298818
X 385433  Y 287007
X 385433  Y 298818
X 363779  Y 286023
X 363779  Y 295866
X 342125  Y 286023
X 334251  Y 298818
X 334251  Y 287007
X 322440  Y 298818
X 322440  Y 287007
X 300787  Y 286023
X 300787  Y 295866
X 279133  Y 286023
X 271259  Y 287007
X 271259  Y 298818
X 259448  Y 298818
X 259448  Y 287007
X 237795  Y 295866
X 237795  Y 286023
X 216141  Y 286023
X 208267  Y 298818
X 208267  Y 287007
X 196456  Y 287007
X 196456  Y 298818
X 174803  Y 295866
X 174803  Y 286023
X 153149  Y 286023
X 145275  Y 298818
X 145275  Y 287007
X 125590  Y 287007
X 113779  Y 287007
X 111653  Y 299661
X 111653  Y 317661
X 111653  Y 308661
X 113779  Y 330314
X 125590  Y 330314
X 136403  Y 308661
X 145275  Y 308661
X 153149  Y 322440
X 157086  Y 308661
X 164960  Y 308661
X 176771  Y 308661
X 184645  Y 308661
X 196456  Y 308661
X 208267  Y 308661
X 216141  Y 322440
X 220078  Y 308661
X 227952  Y 308661
X 239763  Y 308661
X 247637  Y 308661
X 259448  Y 308661
X 271259  Y 308661
X 279133  Y 322440
X 283070  Y 308661
X 290944  Y 308661
X 302755  Y 308661
X 310629  Y 308661
X 322440  Y 308661
X 334251  Y 308661
X 342125  Y 322440
X 346062  Y 308661
X 353937  Y 308661
X 365748  Y 308661
X 373622  Y 308661
X 385433  Y 308661
X 397244  Y 308661
X 405118  Y 322440
X 409055  Y 308661
X 416929  Y 308661
X 428740  Y 308661
X 436614  Y 308661
X 448425  Y 308661
X 460236  Y 308661
X 468110  Y 322440
X 472047  Y 308661
X 479921  Y 308661
X 491732  Y 308661
X 499606  Y 308661
X 511417  Y 308661
X 523228  Y 308661
X 531102  Y 322440
X 535039  Y 308661
X 542913  Y 308661
X 554724  Y 308661
X 562598  Y 308661
X 574409  Y 308661
X 586220  Y 308661
X 594094  Y 322440
X 598031  Y 308661
X 605905  Y 308661
X 617716  Y 308661
X 625590  Y 308661
X 637401  Y 308661
X 661023  Y 312598
X 700393  Y 311614
X 733858  Y 312598
X 733858  Y 324409
X 757480  Y 312598
X 757480  Y 324409
X 775196  Y 322440
X 802755  Y 322440
X 822440  Y 326377
X 834251  Y 329330
X 914960  Y 314566
X 914960  Y 326377
X 914960  Y 346062
X 834251  Y 335236
X 822440  Y 338188
X 789960  Y 346062
X 785039  Y 351968
X 757480  Y 334251
X 757480  Y 346062
X 745669  Y 334251
X 745669  Y 346062
X 733858  Y 334251
X 733858  Y 346062
X 672834  Y 346062
X 661023  Y 340157
X 637401  Y 334251
X 637401  Y 346062
X 594094  Y 334251
X 594094  Y 349015
X 594094  Y 343110
X 586220  Y 349015
X 586220  Y 343110
X 574409  Y 334251
X 574409  Y 346062
X 531102  Y 343110
X 531102  Y 334251
X 531102  Y 349015
X 523228  Y 349015
X 523228  Y 343110
X 511417  Y 346062
X 511417  Y 334251
X 468110  Y 334251
X 468110  Y 343110
X 468110  Y 349015
X 460236  Y 349015
X 460236  Y 343110
X 448425  Y 334251
X 448425  Y 346062
X 405118  Y 343110
X 405118  Y 349015
X 405118  Y 334251
X 397244  Y 349015
X 397244  Y 343110
X 385433  Y 334251
X 385433  Y 346062
X 342125  Y 349015
X 342125  Y 343110
X 342125  Y 334251
X 334251  Y 349015
X 334251  Y 343110
X 322440  Y 346062
X 322440  Y 334251
X 279133  Y 343110
X 279133  Y 349015
X 279133  Y 334251
X 271259  Y 343110
X 271259  Y 349015
X 259448  Y 334251
X 259448  Y 346062
X 216141  Y 334251
X 216141  Y 349015
X 216141  Y 343110
X 208267  Y 349015
X 208267  Y 343110
X 196456  Y 346062
X 196456  Y 334251
X 153149  Y 334251
X 153149  Y 349015
X 153149  Y 343110
X 145275  Y 349015
X 145275  Y 343110
X 129527  Y 346062
X 109842  Y 346062
X 672834  Y 357874
X 700393  Y 356889
X 737795  Y 386417
X 747637  Y 386417
X 757480  Y 386417
X 774704  Y 379527
X 803248  Y 379527
X 914960  Y 357874

Drill: .0315  Tool: 2  Feed: 197  Speed: 550
X 111811  Y 178740
X 119685  Y 178740
X 363779  Y 178740
X 627559  Y 135433
X 627559  Y 151181
X 627559  Y 174803
X 627559  Y 166929
X 627559  Y 159055
X 627559  Y 143307
X 635433  Y 151181
X 635433  Y 143307
X 635433  Y 135433
X 635433  Y 174803
X 635433  Y 166929
X 635433  Y 159055
X 659055  Y 162992
X 926771  Y 155118
X 926771  Y 178740
X 926771  Y 170866
X 926771  Y 162992
X 934645  Y 170866
X 934645  Y 178740
X 934645  Y 162992
X 934645  Y 155118
X 934645  Y 202362
X 934645  Y 194488
X 934645  Y 186614
X 934645  Y 210236
X 926771  Y 202362
X 926771  Y 194488
X 926771  Y 186614
X 926771  Y 210236
X 635433  Y 182677
X 635433  Y 190551
X 627559  Y 182677
X 627559  Y 190551
X 119685  Y 202362
X 119685  Y 194488
X 119685  Y 210236
X 119685  Y 186614
X 111811  Y 186614
X 111811  Y 202362
X 111811  Y 210236
X 111811  Y 194488
X 135433  Y 330314
X 186614  Y 235826
X 249606  Y 235826
X 312598  Y 235826
X 375590  Y 235826
X 438582  Y 235826
X 501574  Y 235826
X 564566  Y 235826
X 627559  Y 235826
X 657086  Y 255511
X 834251  Y 369685
X 661023  Y 357874

Drill: .03543  Tool: 3  Feed: 197  Speed: 550
X 186614  Y 107874
X 186614  Y 137874
X 196614  Y 107874
X 196614  Y 137874
X 206614  Y 107874
X 206614  Y 137874
X 216614  Y 107874
X 216614  Y 137874
X 387401  Y 107874
X 397244  Y 107874
X 407086  Y 107874
X 438582  Y 107874
X 448425  Y 107874
X 458267  Y 107874
X 499488  Y 146614
X 503503  Y 136614
X 507519  Y 146614
X 511535  Y 136614
X 554606  Y 146614
X 558622  Y 136614
X 562637  Y 146614
X 566653  Y 136614
X 659055  Y 115748
X 659055  Y 123622
X 934645  Y 257480
X 934645  Y 288976
X 926771  Y 257480
X 926771  Y 288976
X 214173  Y 214173
X 214173  Y 204173
X 168740  Y 324409
X 168740  Y 334409
X 168740  Y 344409
X 178740  Y 324409
X 178740  Y 334409
X 178740  Y 344409
X 231732  Y 324409
X 231732  Y 334409
X 231732  Y 344409
X 241732  Y 334409
X 241732  Y 344409
X 241732  Y 324409
X 294724  Y 324409
X 294724  Y 334409
X 294724  Y 344409
X 304724  Y 324409
X 304724  Y 334409
X 304724  Y 344409
X 357716  Y 324409
X 357716  Y 334409
X 357716  Y 344409
X 367716  Y 324409
X 367716  Y 334409
X 367716  Y 344409
X 420708  Y 324409
X 420708  Y 334409
X 420708  Y 344409
X 430708  Y 324409
X 430708  Y 334409
X 430708  Y 344409
X 483700  Y 344409
X 483700  Y 334409
X 483700  Y 324409
X 493700  Y 344409
X 493700  Y 324409
X 493700  Y 334409
X 546692  Y 344409
X 546692  Y 334409
X 546692  Y 324409
X 556692  Y 324409
X 556692  Y 344409
X 556692  Y 334409
X 609685  Y 334409
X 609685  Y 324409
X 609685  Y 344409
X 619685  Y 334409
X 619685  Y 344409
X 619685  Y 324409
X 832283  Y 320472
X 836220  Y 344094
X 926771  Y 320472
X 926771  Y 351968
X 934645  Y 351968
X 934645  Y 320472

Drill: .05118  Tool: 4  Feed: 107  Speed: 550
X 155118  Y 367716
X 168927  Y 367716
X 182677  Y 367716
X 218110  Y 367716
X 231919  Y 367716
X 245669  Y 367716
X 281102  Y 367716
X 294911  Y 367716
X 308661  Y 367716
X 344094  Y 367716
X 357903  Y 367716
X 371653  Y 367716
X 407086  Y 367716
X 420895  Y 367716
X 434645  Y 367716
X 470078  Y 367716
X 483887  Y 367716
X 497637  Y 367716
X 533070  Y 367716
X 546879  Y 367716
X 560629  Y 367716
X 596062  Y 367716
X 609872  Y 367716
X 623622  Y 367716

Drill: .05906  Tool: 5  Feed: 107  Speed: 550
X 863779  Y 322440
X 863779  Y 342126

Drill: .07087  Tool: 6  Feed: 81  Speed: 550
X 859842  Y 196456
X 859842  Y 279133

Drill: .09843  Tool: 7  Feed: 66  Speed: 550
X 485826  Y 127559
X 525196  Y 127559
X 540944  Y 127559
X 580314  Y 127559

Drill: .12598  Tool: 8  Feed: 35  Speed: 794
X 115748  Y 115748
X 115748  Y 379527
X 871653  Y 115748
X 871653  Y 379527
X 916929  Y 111811
X 916929  Y 383464

End of Listing
