Drill Listing
=============
Drill: .01181  Tool: 1  Feed: 95  Speed: 300
X 516732  Y -374409
X 516732  Y -349803
X 517137  Y -358114
X 517137  Y -365114
X 528543  Y -349803
X 528543  Y -374409
X 528543  Y -361614
X 544291  Y -385236
X 544291  Y -357677
X 544291  Y -365551
X 544291  Y -337992
X 643307  Y -310433
X 643307  Y -316338
X 636417  Y -310433
X 636417  Y -316338
X 636417  Y -302559
X 598031  Y -301574
X 598031  Y -313385
X 574409  Y -310433
X 574409  Y -316338
X 567519  Y -310433
X 567519  Y -316338
X 567519  Y -302559
X 529133  Y -301574
X 529133  Y -313385
X 507480  Y -310433
X 507480  Y -316338
X 500590  Y -310433
X 500590  Y -316338
X 500590  Y -302559
X 462204  Y -301574
X 462204  Y -313385
X 438582  Y -310433
X 438582  Y -316338
X 431692  Y -310433
X 431692  Y -316338
X 431692  Y -302559
X 393307  Y -301574
X 393307  Y -313385
X 369685  Y -316338
X 369685  Y -310433
X 362795  Y -310433
X 362795  Y -302559
X 362795  Y -316338
X 324409  Y -301574
X 324409  Y -313385
X 300787  Y -310433
X 300787  Y -316338
X 293897  Y -302559
X 293897  Y -310433
X 293897  Y -316338
X 255511  Y -301574
X 255511  Y -313385
X 231889  Y -310433
X 231889  Y -316338
X 225000  Y -302559
X 225000  Y -316338
X 225000  Y -310433
X 186614  Y -301574
X 186614  Y -313385
X 162992  Y -310433
X 162992  Y -316338
X 156102  Y -310433
X 156102  Y -316338
X 156102  Y -302559
X 117716  Y -313385
X 117716  Y -301574
X 113779  Y -271062
X 125590  Y -271062
X 133464  Y -271062
X 145275  Y -271062
X 153149  Y -271062
X 156102  Y -290748
X 164960  Y -271062
X 182677  Y -271062
X 194488  Y -271062
X 202362  Y -271062
X 214173  Y -271062
X 222047  Y -271062
X 225000  Y -290748
X 233858  Y -271062
X 251574  Y -271062
X 263385  Y -271062
X 271259  Y -271062
X 283070  Y -271062
X 290944  Y -271062
X 293897  Y -290748
X 302755  Y -271062
X 320472  Y -271062
X 332283  Y -271062
X 340157  Y -271062
X 351968  Y -271062
X 359842  Y -271062
X 362795  Y -290748
X 371653  Y -271062
X 389370  Y -271062
X 401181  Y -271062
X 409055  Y -271062
X 420866  Y -271062
X 428740  Y -271062
X 431692  Y -290748
X 440551  Y -271062
X 458267  Y -271062
X 470078  Y -271062
X 477952  Y -271062
X 489763  Y -271062
X 497637  Y -271062
X 500590  Y -290748
X 509448  Y -271062
X 525196  Y -271062
X 537007  Y -271062
X 544881  Y -271062
X 556692  Y -271062
X 564566  Y -271062
X 567519  Y -290748
X 576377  Y -271062
X 594094  Y -271062
X 605905  Y -271062
X 613779  Y -271062
X 625590  Y -271062
X 633464  Y -271062
X 636417  Y -290748
X 645275  Y -271062
X 644291  Y -261220
X 644291  Y -249409
X 594094  Y -249409
X 594094  Y -261220
X 575393  Y -261220
X 575393  Y -249409
X 525196  Y -249409
X 525196  Y -261220
X 508464  Y -261220
X 508464  Y -249409
X 458267  Y -249409
X 458267  Y -261220
X 439566  Y -261220
X 439566  Y -249409
X 389370  Y -249409
X 389370  Y -261220
X 370669  Y -261220
X 370669  Y -249409
X 320472  Y -249409
X 320472  Y -261220
X 301771  Y -261220
X 301771  Y -249409
X 251574  Y -249409
X 251574  Y -261220
X 232874  Y -261220
X 232874  Y -249409
X 182677  Y -249409
X 182677  Y -261220
X 163976  Y -261220
X 163976  Y -249409
X 113779  Y -249409
X 113779  Y -261220
X 113779  Y -230708
X 113779  Y -242519
X 113779  Y -219881
X 125590  Y -219881
X 133464  Y -219881
X 145275  Y -219881
X 153149  Y -219881
X 163976  Y -229724
X 163976  Y -241535
X 164960  Y -219881
X 182677  Y -219881
X 182677  Y -230708
X 182677  Y -242519
X 194488  Y -219881
X 202362  Y -219881
X 214173  Y -219881
X 222047  Y -219881
X 232874  Y -229724
X 232874  Y -241535
X 233858  Y -219881
X 251574  Y -219881
X 251574  Y -230708
X 251574  Y -242519
X 263385  Y -219881
X 271259  Y -219881
X 283070  Y -219881
X 290944  Y -219881
X 301771  Y -229724
X 301771  Y -241535
X 302755  Y -219881
X 320472  Y -230708
X 320472  Y -242519
X 320472  Y -219881
X 332283  Y -219881
X 340157  Y -219881
X 351968  Y -219881
X 359842  Y -219881
X 370669  Y -229724
X 370669  Y -241535
X 371653  Y -219881
X 389370  Y -242519
X 389370  Y -230708
X 389370  Y -219881
X 401181  Y -219881
X 409055  Y -219881
X 420866  Y -219881
X 428740  Y -219881
X 439566  Y -229724
X 439566  Y -241535
X 440551  Y -219881
X 458267  Y -230708
X 458267  Y -242519
X 458267  Y -219881
X 470078  Y -219881
X 477952  Y -219881
X 489763  Y -219881
X 497637  Y -219881
X 508464  Y -229724
X 508464  Y -241535
X 509448  Y -219881
X 525196  Y -230708
X 525196  Y -242519
X 525196  Y -219881
X 537007  Y -219881
X 544881  Y -219881
X 556692  Y -219881
X 564566  Y -219881
X 575393  Y -241535
X 575393  Y -229724
X 576377  Y -219881
X 594094  Y -219881
X 594094  Y -230708
X 594094  Y -242519
X 605905  Y -219881
X 613779  Y -219881
X 625590  Y -219881
X 633464  Y -219881
X 644291  Y -241535
X 644291  Y -229724
X 645275  Y -219881
X 625590  Y -212007
X 625185  Y -204681
X 625185  Y -197681
X 613779  Y -201181
X 613779  Y -212007
X 605905  Y -212007
X 594094  Y -212007
X 556692  Y -212007
X 556287  Y -197681
X 556287  Y -204681
X 544881  Y -212007
X 544881  Y -201181
X 537007  Y -212007
X 525196  Y -212007
X 489763  Y -212007
X 489358  Y -204681
X 489358  Y -197681
X 477952  Y -201181
X 477952  Y -212007
X 470078  Y -212007
X 458267  Y -212007
X 420866  Y -212007
X 420460  Y -204681
X 420460  Y -197681
X 409055  Y -212007
X 409055  Y -201181
X 401181  Y -212007
X 389370  Y -212007
X 351968  Y -212007
X 351562  Y -204681
X 351562  Y -197681
X 340157  Y -212007
X 340157  Y -201181
X 332283  Y -212007
X 320472  Y -212007
X 283070  Y -212007
X 282665  Y -204681
X 282665  Y -197681
X 271259  Y -201181
X 271259  Y -212007
X 263385  Y -212007
X 251574  Y -212007
X 214173  Y -212007
X 213767  Y -204681
X 213767  Y -197681
X 202362  Y -201181
X 202362  Y -212007
X 194488  Y -212007
X 182677  Y -212007
X 145275  Y -212007
X 144870  Y -204681
X 144870  Y -197681
X 133464  Y -212007
X 133464  Y -201181
X 125590  Y -212007
X 113779  Y -212007
X 117716  Y -173622
X 156102  Y -170669
X 156102  Y -176574
X 162992  Y -170669
X 162992  Y -176574
X 185629  Y -173622
X 225000  Y -170669
X 225000  Y -176574
X 231889  Y -170669
X 231889  Y -176574
X 255511  Y -173622
X 293897  Y -170669
X 293897  Y -176574
X 300787  Y -170669
X 300787  Y -176574
X 324409  Y -173622
X 362795  Y -170669
X 362795  Y -176574
X 369685  Y -170669
X 369685  Y -176574
X 393307  Y -173622
X 431692  Y -170669
X 431692  Y -176574
X 438582  Y -170669
X 438582  Y -176574
X 462204  Y -173622
X 500590  Y -170669
X 500590  Y -176574
X 507480  Y -176574
X 507480  Y -170669
X 529133  Y -173622
X 567519  Y -176574
X 567519  Y -170669
X 574409  Y -170669
X 574409  Y -176574
X 598031  Y -173622
X 636417  Y -170669
X 636417  Y -176574
X 643307  Y -170669
X 643307  Y -176574
X 636417  Y -162795
X 636417  Y -150984
X 598031  Y -161811
X 567519  Y -150984
X 567519  Y -162795
X 529133  Y -161811
X 500590  Y -162795
X 500590  Y -150984
X 462204  Y -161811
X 431692  Y -162795
X 431692  Y -150984
X 393307  Y -161811
X 362795  Y -162795
X 362795  Y -150984
X 324409  Y -161811
X 293897  Y -162795
X 293897  Y -150984
X 255511  Y -161811
X 225000  Y -162795
X 225000  Y -150984
X 185629  Y -161811
X 156102  Y -162795
X 156102  Y -150984
X 117716  Y -161811
X 113779  Y -121456
X 113779  Y -131299
X 125590  Y -131299
X 133464  Y -131299
X 145275  Y -131299
X 153149  Y -131299
X 163976  Y -121456
X 164960  Y -131299
X 182677  Y -121456
X 182677  Y -131299
X 194488  Y -131299
X 202362  Y -131299
X 214173  Y -131299
X 222047  Y -131299
X 232874  Y -121456
X 233858  Y -131299
X 251574  Y -121456
X 251574  Y -131299
X 263385  Y -131299
X 271259  Y -131299
X 283070  Y -131299
X 290944  Y -131299
X 301771  Y -121456
X 302755  Y -131299
X 320472  Y -131299
X 320472  Y -121456
X 332283  Y -131299
X 340157  Y -131299
X 351968  Y -131299
X 359842  Y -131299
X 370669  Y -121456
X 371653  Y -131299
X 389370  Y -131299
X 389370  Y -121456
X 401181  Y -131299
X 409055  Y -131299
X 420866  Y -131299
X 428740  Y -131299
X 439566  Y -121456
X 440551  Y -131299
X 458267  Y -131299
X 458267  Y -121456
X 470078  Y -131299
X 477952  Y -131299
X 489763  Y -131299
X 497637  Y -131299
X 508464  Y -121456
X 509448  Y -131299
X 525196  Y -131299
X 525196  Y -121456
X 537007  Y -131299
X 544881  Y -131299
X 556692  Y -131299
X 564566  Y -131299
X 575393  Y -121456
X 576377  Y -131299
X 594094  Y -131299
X 594094  Y -121456
X 605905  Y -131299
X 613779  Y -131299
X 625590  Y -131299
X 633464  Y -131299
X 644291  Y -121456
X 645275  Y -131299
X 644291  Y -109645
X 644291  Y -101771
X 594094  Y -109645
X 594094  Y -102755
X 575393  Y -109645
X 575393  Y -101771
X 525196  Y -109645
X 525196  Y -102755
X 508464  Y -109645
X 508464  Y -101771
X 458267  Y -109645
X 458267  Y -102755
X 439566  Y -109645
X 439566  Y -101771
X 389370  Y -102755
X 389370  Y -109645
X 370669  Y -109645
X 370669  Y -101771
X 320472  Y -109645
X 320472  Y -102755
X 301771  Y -109645
X 301771  Y -101771
X 251574  Y -109645
X 251574  Y -102755
X 232874  Y -101771
X 232874  Y -109645
X 182677  Y -102755
X 182677  Y -109645
X 163976  Y -109645
X 163976  Y -101771
X 113779  Y -109645
X 113779  Y -102755
X 113779  Y -72244
X 113779  Y -80118
X 113779  Y -90944
X 125590  Y -72244
X 125590  Y -80118
X 133464  Y -80118
X 133464  Y -72244
X 145275  Y -80118
X 145275  Y -72244
X 153149  Y -80118
X 163976  Y -89960
X 164960  Y -80118
X 182677  Y -90944
X 182677  Y -80118
X 182677  Y -72244
X 194488  Y -80118
X 194488  Y -72244
X 202362  Y -72244
X 202362  Y -80118
X 214173  Y -72244
X 214173  Y -80118
X 222047  Y -80118
X 232874  Y -89960
X 233858  Y -80118
X 251574  Y -72244
X 251574  Y -80118
X 251574  Y -90944
X 263385  Y -72244
X 263385  Y -80118
X 271259  Y -80118
X 271259  Y -72244
X 283070  Y -72244
X 283070  Y -80118
X 290944  Y -80118
X 301771  Y -89960
X 302755  Y -80118
X 320472  Y -72244
X 320472  Y -80118
X 320472  Y -90944
X 332283  Y -72244
X 332283  Y -80118
X 340157  Y -72244
X 340157  Y -80118
X 351968  Y -80118
X 351968  Y -72244
X 359842  Y -80118
X 370669  Y -89960
X 371653  Y -80118
X 389370  Y -90944
X 389370  Y -72244
X 389370  Y -80118
X 401181  Y -72244
X 401181  Y -80118
X 409055  Y -80118
X 409055  Y -72244
X 420866  Y -80118
X 420866  Y -72244
X 428740  Y -80118
X 439566  Y -89960
X 440551  Y -80118
X 458267  Y -72244
X 458267  Y -80118
X 458267  Y -90944
X 470078  Y -72244
X 470078  Y -80118
X 477952  Y -72244
X 477952  Y -80118
X 489763  Y -72244
X 489763  Y -80118
X 497637  Y -80118
X 508464  Y -89960
X 509448  Y -80118
X 525196  Y -90944
X 525196  Y -80118
X 525196  Y -72244
X 537007  Y -80118
X 537007  Y -72244
X 544881  Y -80118
X 544881  Y -72244
X 556692  Y -72244
X 556692  Y -80118
X 564566  Y -80118
X 575393  Y -89960
X 576377  Y -80118
X 594094  Y -90944
X 594094  Y -80118
X 594094  Y -72244
X 605905  Y -80118
X 605905  Y -72244
X 613779  Y -72244
X 613779  Y -80118
X 625590  Y -72244
X 625590  Y -80118
X 633464  Y -80118
X 644291  Y -89960
X 645275  Y -80118
X 625185  Y -64917
X 625185  Y -57917
X 613779  Y -61417
X 556287  Y -64917
X 556287  Y -57917
X 544881  Y -61417
X 489358  Y -57917
X 489358  Y -64917
X 477952  Y -61417
X 420460  Y -64917
X 420460  Y -57917
X 409055  Y -61417
X 351562  Y -57917
X 351562  Y -64917
X 340157  Y -61417
X 282665  Y -57917
X 282665  Y -64917
X 271259  Y -61417
X 213767  Y -57917
X 213767  Y -64917
X 202362  Y -61417
X 144870  Y -57917
X 144870  Y -64917
X 133464  Y -61417
X 406496  Y -39763
X 406496  Y 5511
X 434055  Y 3543
X 434055  Y -8267
X 437007  Y -20078
X 437007  Y -31889
X 443897  Y 3543
X 445866  Y -31889
X 445866  Y -20078
X 455708  Y 3543
X 492125  Y -8759
X 492125  Y -37303
X 511811  Y -25984
X 511811  Y -14173
X 521653  Y -7283
X 523622  Y -32874
X 541338  Y -7283
X 551181  Y -32874
X 561023  Y -32874
X 573818  Y -12204
X 585629  Y -12204
X 588582  Y -32874
X 603346  Y -26968
X 603346  Y 2559
X 615157  Y 2559
X 635826  Y 2559
X 647637  Y 2559
X 648622  Y -26968
X 647637  Y 11417
X 635826  Y 11417
X 557086  Y 54232
X 540354  Y 8464
X 537543  Y 22086
X 528543  Y 22086
X 528543  Y 8464
X 528543  Y 46836
X 520669  Y 55708
X 519543  Y 22086
X 487204  Y 56692
X 475393  Y 56692
X 416338  Y 56692
X 416338  Y 29133
X 520669  Y 83267
X 540354  Y 60629
X 540354  Y 72440
X 557086  Y 82775
X 578740  Y 79330
X 578740  Y 87204
X 590551  Y 79330
X 590551  Y 87204
X 601377  Y 87204
X 601377  Y 75393

Drill: .012  Tool: 2  Feed: 95  Speed: 300
X 134448  Y -260236
X 134448  Y -250393
X 156102  Y -250393
X 203346  Y -260236
X 203346  Y -250393
X 225000  Y -250393
X 272244  Y -260236
X 272244  Y -250393
X 293897  Y -250393
X 341141  Y -260236
X 341141  Y -250393
X 362795  Y -250393
X 410039  Y -260236
X 410039  Y -250393
X 431692  Y -250393
X 478937  Y -260236
X 478937  Y -250393
X 500590  Y -250393
X 545866  Y -260236
X 545866  Y -250393
X 567519  Y -250393
X 614763  Y -260236
X 614763  Y -250393
X 636417  Y -250393
X 614763  Y -120472
X 545866  Y -120472
X 478937  Y -120472
X 410039  Y -120472
X 341141  Y -120472
X 272244  Y -120472
X 203346  Y -120472
X 134448  Y -120472
X 134448  Y -110629
X 156102  Y -110629
X 203346  Y -110629
X 225000  Y -110629
X 272244  Y -110629
X 293897  Y -110629
X 341141  Y -110629
X 362795  Y -110629
X 410039  Y -110629
X 431692  Y -110629
X 478937  Y -110629
X 500590  Y -110629
X 545866  Y -110629
X 567519  Y -110629
X 614763  Y -110629
X 636417  Y -110629
X 610826  Y -8267
X 527165  Y -17125
X 524212  Y -17125
X 320472  Y -15157
X 315551  Y -15157
X 292913  Y -25984
X 292913  Y -29921
X 288976  Y -25984
X 288976  Y -29921
X 266338  Y -4330
X 261417  Y -15157
X 237795  Y -31889
X 237795  Y -27952
X 233858  Y -27952
X 233858  Y -31889
X 213188  Y -15157
X 208267  Y -4330
X 164960  Y -15157
X 160039  Y -4330
X 155118  Y 7480
X 169881  Y 18307
X 174803  Y 18307
X 179724  Y 7480
X 184645  Y 7480
X 203346  Y 7480
X 218110  Y 7480
X 224015  Y 18307
X 228937  Y 18307
X 233858  Y 7480
X 256496  Y 7480
X 271259  Y 7480
X 276181  Y 7480
X 282086  Y 18307
X 285039  Y 48818
X 287007  Y 7480
X 302755  Y 43897
X 310629  Y 7480
X 319488  Y 42913
X 325393  Y 7480
X 330314  Y 7480
X 335236  Y 18307
X 340157  Y 7480
X 346062  Y 54724
X 355905  Y 48818
X 335236  Y 63582
X 326377  Y 57677
X 315551  Y 66535

Drill: .0315  Tool: 3  Feed: 197  Speed: 550
X 124606  Y -201181
X 154133  Y -211023
X 193503  Y -201181
X 223031  Y -211023
X 262401  Y -201181
X 291929  Y -211023
X 331299  Y -201181
X 360826  Y -211023
X 400196  Y -201181
X 429724  Y -211023
X 469094  Y -201181
X 498622  Y -211023
X 536023  Y -201181
X 565551  Y -211023
X 604921  Y -201181
X 634448  Y -211023
X 634448  Y -71259
X 565551  Y -71259
X 498622  Y -71259
X 429724  Y -71259
X 360826  Y -71259
X 291929  Y -71259
X 223031  Y -71259
X 154133  Y -71259
X 124606  Y -61417
X 193503  Y -61417
X 262401  Y -61417
X 331299  Y -61417
X 400196  Y -61417
X 469094  Y -61417
X 536023  Y -61417
X 562007  Y -12204
X 604921  Y -61417
X 515748  Y 8464
X 416338  Y 66535

Drill: .03543  Tool: 4  Feed: 197  Speed: 550
X 131496  Y -301732
X 131496  Y -311732
X 141496  Y -301732
X 141496  Y -311732
X 200393  Y -301732
X 200393  Y -311732
X 210393  Y -301732
X 210393  Y -311732
X 269291  Y -301732
X 269291  Y -311732
X 279291  Y -301732
X 279291  Y -311732
X 338188  Y -301732
X 338188  Y -311732
X 348188  Y -301732
X 348188  Y -311732
X 407086  Y -301732
X 407086  Y -311732
X 417086  Y -301732
X 417086  Y -311732
X 475984  Y -301732
X 475984  Y -311732
X 485984  Y -301732
X 485984  Y -311732
X 542913  Y -301732
X 542913  Y -311732
X 552913  Y -301732
X 552913  Y -311732
X 611811  Y -301732
X 611811  Y -311732
X 621811  Y -301732
X 621811  Y -311732
X 621811  Y -291732
X 611811  Y -291732
X 552913  Y -291732
X 542913  Y -291732
X 485984  Y -291732
X 475984  Y -291732
X 417086  Y -291732
X 407086  Y -291732
X 348188  Y -291732
X 338188  Y -291732
X 279291  Y -291732
X 269291  Y -291732
X 210393  Y -291732
X 200393  Y -291732
X 141496  Y -291732
X 131496  Y -291732
X 131496  Y -171968
X 141496  Y -171968
X 200393  Y -171968
X 210393  Y -171968
X 269291  Y -171968
X 279291  Y -171968
X 338188  Y -171968
X 348188  Y -171968
X 407086  Y -171968
X 417086  Y -171968
X 475984  Y -171968
X 485984  Y -171968
X 542913  Y -171968
X 552913  Y -171968
X 611811  Y -171968
X 621811  Y -171968
X 621811  Y -151968
X 621811  Y -161968
X 611811  Y -161968
X 611811  Y -151968
X 552913  Y -161968
X 552913  Y -151968
X 542913  Y -161968
X 542913  Y -151968
X 485984  Y -151968
X 485984  Y -161968
X 475984  Y -151968
X 475984  Y -161968
X 417086  Y -151968
X 417086  Y -161968
X 407086  Y -151968
X 407086  Y -161968
X 348188  Y -151968
X 348188  Y -161968
X 338188  Y -151968
X 338188  Y -161968
X 279291  Y -151968
X 279291  Y -161968
X 269291  Y -161968
X 269291  Y -151968
X 210393  Y -161968
X 210393  Y -151968
X 200393  Y -161968
X 200393  Y -151968
X 141496  Y -161968
X 141496  Y -151968
X 131496  Y -151968
X 131496  Y -161968

Drill: .04  Tool: 5  Feed: 139  Speed: 550
X 260708  Y -383188
X 260708  Y -393188
X 270708  Y -383188
X 270708  Y -393188
X 280708  Y -383188
X 280708  Y -393188
X 290708  Y -383188
X 290708  Y -393188
X 300708  Y -383188
X 300708  Y -393188
X 310708  Y -383188
X 310708  Y -393188
X 320708  Y -383188
X 320708  Y -393188
X 330708  Y -383188
X 330708  Y -393188
X 340708  Y -383188
X 340708  Y -393188
X 350708  Y -383188
X 350708  Y -393188
X 360708  Y -383188
X 360708  Y -393188
X 370708  Y -383188
X 370708  Y -393188
X 380708  Y -383188
X 380708  Y -393188
X 390708  Y -383188
X 390708  Y -393188
X 400708  Y -383188
X 400708  Y -393188
X 410708  Y -383188
X 410708  Y -393188
X 420708  Y -383188
X 420708  Y -393188
X 430708  Y -383188
X 430708  Y -393188
X 440708  Y -383188
X 440708  Y -393188
X 450708  Y -383188
X 450708  Y -393188
X 460708  Y -383188
X 460708  Y -393188
X 470708  Y -383188
X 470708  Y -393188
X 480708  Y -383188
X 480708  Y -393188
X 490708  Y -383188
X 490708  Y -393188
X 500708  Y -383188
X 500708  Y -393188
X 500708  Y 93188
X 500708  Y 83188
X 490708  Y 93188
X 490708  Y 83188
X 480708  Y 93188
X 480708  Y 83188
X 470708  Y 93188
X 470708  Y 83188
X 460708  Y 93188
X 460708  Y 83188
X 450708  Y 93188
X 450708  Y 83188
X 440708  Y 93188
X 440708  Y 83188
X 430708  Y 93188
X 430708  Y 83188
X 420708  Y 93188
X 420708  Y 83188
X 410708  Y 93188
X 410708  Y 83188
X 400708  Y 93188
X 400708  Y 83188
X 390708  Y 93188
X 390708  Y 83188
X 380708  Y 93188
X 380708  Y 83188
X 370708  Y 93188
X 370708  Y 83188
X 360708  Y 93188
X 360708  Y 83188
X 350708  Y 93188
X 350708  Y 83188
X 340708  Y 93188
X 340708  Y 83188
X 330708  Y 93188
X 330708  Y 83188
X 320708  Y 93188
X 320708  Y 83188
X 310708  Y 93188
X 310708  Y 83188
X 300708  Y 93188
X 300708  Y 83188
X 290708  Y 93188
X 290708  Y 83188
X 280708  Y 93188
X 280708  Y 83188
X 270708  Y 93188
X 270708  Y 83188
X 260708  Y 93188
X 260708  Y 83188

Drill: .12598  Tool: 6  Feed: 35  Speed: 794
X 115748  Y -384251
X 645669  Y -384251
X 645669  Y 84251
X 115748  Y 84251

End of Listing
